
Starting pass with tolerance level 1
Attempting grasp for funky_clear_spray_bottle at tol level 1. Progress: 0/3. Current failres: 0
Failed: Surface contact constraint violation (5.53e-03 > 0.001)
Failed: Collision constraint violation (2.68e-03 > 0.001)
Failed: Surface contact constraint violation (1.61e-02 > 0.001)
Failed: Joint limit violation (1.38e-01 > 0.01)
Failed: Collision constraint violation (1.08e-02 > 0.001)
Failed: Surface contact constraint violation (8.90e-03 > 0.001)
Failed: Collision constraint violation (3.35e-03 > 0.001)
Optimization error: NLopt roundoff-limited! Resampling...
Failed: Optimization returned NaN values
Failed: Surface contact constraint violation (2.39e-02 > 0.001)
Failed: Surface contact constraint violation (1.28e-02 > 0.001)
Failed: Surface contact constraint violation (1.42e-03 > 0.001)
Failed: Surface contact constraint violation (2.01e-02 > 0.001)
Failed: Collision constraint violation (3.27e-03 > 0.001)
Failed: Surface contact constraint violation (1.77e-02 > 0.001)
Failed: Collision constraint violation (3.99e-03 > 0.001)
Failed: Surface contact constraint violation (4.55e-03 > 0.001)
Failed: Collision constraint violation (1.19e-03 > 0.001)
Failed: Surface contact constraint violation (3.67e-02 > 0.001)
Failed: Collision constraint violation (1.48e-02 > 0.001)
Failed: Surface contact constraint violation (1.32e-01 > 0.001)
Failed: Joint limit violation (5.08e+00 > 0.01)
Failed: Collision constraint violation (2.33e-02 > 0.001)
Failed: Surface contact constraint violation (2.51e-02 > 0.001)
Failed: Force closure constraint violation (g:1.72e-02, h:0.00e+00 > 0.01)
Failed: Surface contact constraint violation (7.44e-03 > 0.001)
Failed: Surface contact constraint violation (1.75e-02 > 0.001)
Failed: Surface contact constraint violation (7.59e-03 > 0.001)
Failed: Surface contact constraint violation (5.59e-03 > 0.001)
Failed: Collision constraint violation (1.51e-03 > 0.001)

Timing Statistics:
Sampling:
  Total attempts: 18
  Total time: 2.346s
  Average time: 0.130s
  Std deviation: 0.129s
  Last attempt: 0.046s

Optimization:
  Total attempts: 17
  Total time: 30.408s
  Average time: 1.789s
  Std deviation: 0.355s
  Last attempt: 0.831s

Constraints:
Surface: 5.92e-04, Couple: 0.00e+00, Joint: 0.00e+00, Collision: 0.00e+00, Extra: 0.00e+00
Saved grasp 1 for funky_clear_spray_bottle
Attempting grasp for funky_clear_spray_bottle at tol level 1. Progress: 1/3. Current failres: 0
Optimization error: NLopt roundoff-limited! Resampling...
Failed: Optimization returned NaN values
Failed: Surface contact constraint violation (4.20e-02 > 0.001)
Failed: Joint limit violation (2.46e+00 > 0.01)
Failed: Collision constraint violation (2.11e-02 > 0.001)
Failed: Force closure constraint violation (g:1.74e-02, h:0.00e+00 > 0.01)
Failed: Surface contact constraint violation (6.10e-02 > 0.001)
Failed: Joint limit violation (1.38e+00 > 0.01)
Failed: Collision constraint violation (2.33e-02 > 0.001)
Failed: Surface contact constraint violation (4.97e-02 > 0.001)
Failed: Joint limit violation (5.70e+00 > 0.01)
Failed: Collision constraint violation (3.38e-02 > 0.001)
Failed: Force closure constraint violation (g:1.49e-02, h:0.00e+00 > 0.01)
Failed: Surface contact constraint violation (1.03e-02 > 0.001)
Failed: Joint limit violation (6.28e-02 > 0.01)
Optimization error: NLopt roundoff-limited! Resampling...
Failed: Optimization returned NaN values
Failed: Surface contact constraint violation (8.10e-02 > 0.001)
Failed: Collision constraint violation (6.59e-03 > 0.001)
Failed: Force closure constraint violation (g:2.64e-02, h:0.00e+00 > 0.01)
Failed: Surface contact constraint violation (1.21e-02 > 0.001)
Failed: Surface contact constraint violation (3.13e-03 > 0.001)

Timing Statistics:
Sampling:
  Total attempts: 10
  Total time: 1.094s
  Average time: 0.109s
  Std deviation: 0.069s
  Last attempt: 0.126s

Optimization:
  Total attempts: 8
  Total time: 14.693s
  Average time: 1.837s
  Std deviation: 0.558s
  Last attempt: 0.658s

Constraints:
Surface: 5.41e-04, Couple: 0.00e+00, Joint: 0.00e+00, Collision: 0.00e+00, Extra: 0.00e+00
Saved grasp 2 for funky_clear_spray_bottle
Attempting grasp for funky_clear_spray_bottle at tol level 1. Progress: 2/3. Current failres: 0
Failed: Surface contact constraint violation (2.04e-01 > 0.001)
Failed: Joint limit violation (3.05e+00 > 0.01)
Failed: Collision constraint violation (5.90e-03 > 0.001)
Failed: Surface contact constraint violation (2.74e-02 > 0.001)
Failed: Collision constraint violation (6.74e-03 > 0.001)
Failed: Force closure constraint violation (g:2.13e-02, h:0.00e+00 > 0.01)
Failed: Surface contact constraint violation (3.86e-02 > 0.001)
Failed: Joint limit violation (1.31e-01 > 0.01)
Failed: Collision constraint violation (2.50e-03 > 0.001)
Failed: Force closure constraint violation (g:1.54e-01, h:0.00e+00 > 0.01)
Failed: Surface contact constraint violation (2.56e-03 > 0.001)
Failed: Surface contact constraint violation (1.09e-02 > 0.001)
Failed: Collision constraint violation (2.01e-03 > 0.001)

Timing Statistics:
Sampling:
  Total attempts: 6
  Total time: 0.888s
  Average time: 0.148s
  Std deviation: 0.059s
  Last attempt: 0.160s

Optimization:
  Total attempts: 6
  Total time: 9.918s
  Average time: 1.653s
  Std deviation: 0.534s
  Last attempt: 0.522s

Constraints:
Surface: 4.81e-04, Couple: 0.00e+00, Joint: 0.00e+00, Collision: 0.00e+00, Extra: 0.00e+00
Saved grasp 3 for funky_clear_spray_bottle
Attempting grasp for clear_spray_bottle_single at tol level 1. Progress: 0/3. Current failres: 0
Failed: Surface contact constraint violation (2.50e-03 > 0.001)
Failed: Collision constraint violation (1.68e-03 > 0.001)
Failed: Surface contact constraint violation (1.81e-02 > 0.001)
Failed: Joint limit violation (2.21e-02 > 0.01)
Failed: Force closure constraint violation (g:1.90e-02, h:0.00e+00 > 0.01)
Optimization error: NLopt roundoff-limited! Resampling...
Failed: Optimization returned NaN values
Failed: Surface contact constraint violation (1.71e-02 > 0.001)
Failed: Joint limit violation (1.40e-02 > 0.01)
Failed: Collision constraint violation (4.88e-03 > 0.001)
Failed: Surface contact constraint violation (3.84e-02 > 0.001)
Failed: Force closure constraint violation (g:1.11e-02, h:0.00e+00 > 0.01)

Timing Statistics:
Sampling:
  Total attempts: 6
  Total time: 2.912s
  Average time: 0.485s
  Std deviation: 0.443s
  Last attempt: 0.304s

Optimization:
  Total attempts: 5
  Total time: 7.596s
  Average time: 1.519s
  Std deviation: 0.636s
  Last attempt: 0.321s

Constraints:
Surface: 9.78e-04, Couple: 0.00e+00, Joint: 0.00e+00, Collision: 4.00e-05, Extra: 5.35e-05
Saved grasp 1 for clear_spray_bottle_single
Attempting grasp for clear_spray_bottle_single at tol level 1. Progress: 1/3. Current failres: 0
Failed: Surface contact constraint violation (2.33e-02 > 0.001)
Failed: Joint limit violation (5.21e-01 > 0.01)
Failed: Collision constraint violation (1.56e-02 > 0.001)
Failed: Force closure constraint violation (g:1.50e-02, h:0.00e+00 > 0.01)
Failed: Surface contact constraint violation (5.01e-03 > 0.001)
Failed: Collision constraint violation (1.04e-03 > 0.001)
Failed: Surface contact constraint violation (4.67e-03 > 0.001)
Failed: Surface contact constraint violation (9.34e-03 > 0.001)
Failed: Surface contact constraint violation (1.49e-03 > 0.001)
Failed: Surface contact constraint violation (5.49e-03 > 0.001)
Failed: Surface contact constraint violation (4.75e-03 > 0.001)
Failed: Collision constraint violation (1.68e-03 > 0.001)

Timing Statistics:
Sampling:
  Total attempts: 8
  Total time: 2.479s
  Average time: 0.310s
  Std deviation: 0.277s
  Last attempt: 0.235s

Optimization:
  Total attempts: 8
  Total time: 13.512s
  Average time: 1.689s
  Std deviation: 0.173s
  Last attempt: 1.356s

Constraints:
Surface: 7.35e-04, Couple: 0.00e+00, Joint: 0.00e+00, Collision: 3.05e-04, Extra: 7.12e-04
Saved grasp 2 for clear_spray_bottle_single
Attempting grasp for clear_spray_bottle_single at tol level 1. Progress: 2/3. Current failres: 0
Failed: Surface contact constraint violation (4.53e-03 > 0.001)
Failed: Surface contact constraint violation (2.20e-02 > 0.001)
Failed: Collision constraint violation (1.74e-03 > 0.001)
Failed: Force closure constraint violation (g:3.19e-02, h:0.00e+00 > 0.01)
Failed: Surface contact constraint violation (4.41e-02 > 0.001)
Failed: Joint limit violation (5.77e-02 > 0.01)
Failed: Collision constraint violation (1.31e-02 > 0.001)
Failed: Surface contact constraint violation (6.71e-03 > 0.001)
Failed: Force closure constraint violation (g:2.36e-02, h:0.00e+00 > 0.01)
Failed: Surface contact constraint violation (2.49e-02 > 0.001)
Failed: Collision constraint violation (1.04e-02 > 0.001)
Failed: Force closure constraint violation (g:1.74e-02, h:0.00e+00 > 0.01)
Failed: Surface contact constraint violation (4.03e-02 > 0.001)
Failed: Joint limit violation (5.99e-02 > 0.01)
Failed: Collision constraint violation (5.61e-03 > 0.001)
Failed: Surface contact constraint violation (1.90e-03 > 0.001)
Failed: Surface contact constraint violation (2.56e-03 > 0.001)
Failed: Surface contact constraint violation (3.07e-02 > 0.001)
Failed: Collision constraint violation (2.34e-02 > 0.001)
Failed: Surface contact constraint violation (1.14e-03 > 0.001)
Failed: Surface contact constraint violation (2.99e-03 > 0.001)
Failed: Surface contact constraint violation (4.86e-02 > 0.001)
Failed: Collision constraint violation (1.31e-02 > 0.001)
Failed: Surface contact constraint violation (8.27e-03 > 0.001)
Failed: Collision constraint violation (2.23e-02 > 0.001)
Failed: Surface contact constraint violation (1.32e-02 > 0.001)
Failed: Collision constraint violation (4.37e-03 > 0.001)
Failed: Force closure constraint violation (g:1.30e-02, h:0.00e+00 > 0.01)
Failed: Surface contact constraint violation (1.35e-02 > 0.001)
Failed: Surface contact constraint violation (2.74e-03 > 0.001)
Failed: Surface contact constraint violation (4.02e-03 > 0.001)
Failed: Surface contact constraint violation (1.30e-02 > 0.001)
Failed: Surface contact constraint violation (2.22e-02 > 0.001)
Failed: Collision constraint violation (2.64e-03 > 0.001)
Failed: Surface contact constraint violation (1.52e-02 > 0.001)
Failed: Surface contact constraint violation (2.63e-02 > 0.001)
Failed: Joint limit violation (8.50e-02 > 0.01)
Failed: Collision constraint violation (1.15e-02 > 0.001)
Failed: Force closure constraint violation (g:1.17e-02, h:0.00e+00 > 0.01)
Failed: Surface contact constraint violation (5.95e-03 > 0.001)
Failed: Force closure constraint violation (g:1.82e-02, h:0.00e+00 > 0.01)
Failed: Surface contact constraint violation (3.54e-03 > 0.001)
Failed: Surface contact constraint violation (6.53e-02 > 0.001)
Failed: Force closure constraint violation (g:4.11e-02, h:0.00e+00 > 0.01)
Optimization error: NLopt roundoff-limited! Resampling...
Failed: Optimization returned NaN values
Failed: Surface contact constraint violation (3.16e-03 > 0.001)
Failed: Surface contact constraint violation (2.19e-02 > 0.001)
Failed: Collision constraint violation (4.06e-03 > 0.001)
Failed: Surface contact constraint violation (1.16e-01 > 0.001)
Failed: Collision constraint violation (2.54e-02 > 0.001)

Timing Statistics:
Sampling:
  Total attempts: 29
  Total time: 8.053s
  Average time: 0.278s
  Std deviation: 0.193s
  Last attempt: 0.075s

Optimization:
  Total attempts: 28
  Total time: 49.271s
  Average time: 1.760s
  Std deviation: 0.294s
  Last attempt: 1.580s

Constraints:
Surface: 8.43e-04, Couple: 0.00e+00, Joint: 0.00e+00, Collision: 5.19e-04, Extra: 0.00e+00
Saved grasp 3 for clear_spray_bottle_single
Attempting grasp for zip_tie_gun_single at tol level 1. Progress: 0/3. Current failres: 0
Failed: Surface contact constraint violation (3.28e-02 > 0.001)
Failed: Joint limit violation (1.42e-02 > 0.01)
Failed: Collision constraint violation (6.90e-03 > 0.001)
Failed: Surface contact constraint violation (8.41e-02 > 0.001)
Failed: Joint limit violation (4.59e-01 > 0.01)
Failed: Collision constraint violation (3.44e-02 > 0.001)
Optimization error: NLopt roundoff-limited! Resampling...
Failed: Optimization returned NaN values
Failed: Surface contact constraint violation (3.39e-02 > 0.001)
Failed: Collision constraint violation (2.80e-03 > 0.001)
Failed: Force closure constraint violation (g:2.06e-02, h:0.00e+00 > 0.01)
Failed: Surface contact constraint violation (1.34e-02 > 0.001)
Failed: Collision constraint violation (1.17e-02 > 0.001)
Failed: Surface contact constraint violation (3.99e-02 > 0.001)
Failed: Joint limit violation (9.69e-01 > 0.01)
Failed: Collision constraint violation (2.27e-02 > 0.001)
Failed: Force closure constraint violation (g:6.75e-02, h:0.00e+00 > 0.01)
Failed: Surface contact constraint violation (1.64e-02 > 0.001)
Failed: Joint limit violation (7.17e-02 > 0.01)
Failed: Collision constraint violation (6.31e-03 > 0.001)
Failed: Force closure constraint violation (g:3.97e-02, h:0.00e+00 > 0.01)
Failed: Surface contact constraint violation (7.38e-03 > 0.001)
Failed: Collision constraint violation (1.85e-03 > 0.001)
  zip_tie_gun_single tol 1 attempt error. Timeout.
Attempting grasp for zip_tie_gun_single at tol level 1. Progress: 0/3. Current failres: 1
Failed: Surface contact constraint violation (6.47e-02 > 0.001)
Failed: Collision constraint violation (3.79e-03 > 0.001)
Failed: Force closure constraint violation (g:1.84e-02, h:0.00e+00 > 0.01)
Failed: Surface contact constraint violation (4.83e-02 > 0.001)
Failed: Joint limit violation (5.27e-01 > 0.01)
Failed: Collision constraint violation (1.05e-02 > 0.001)
Failed: Surface contact constraint violation (5.49e-02 > 0.001)
Failed: Joint limit violation (3.52e-01 > 0.01)
Failed: Collision constraint violation (4.78e-03 > 0.001)
Failed: Force closure constraint violation (g:2.89e-02, h:0.00e+00 > 0.01)
Failed: Surface contact constraint violation (1.67e-02 > 0.001)
Failed: Force closure constraint violation (g:3.44e-02, h:0.00e+00 > 0.01)
  zip_tie_gun_single tol 1 attempt error. Timeout.
Attempting grasp for pen_single at tol level 1. Progress: 0/3. Current failres: 0
Failed: Surface contact constraint violation (9.45e-02 > 0.001)
Failed: Joint limit violation (1.80e+00 > 0.01)
Failed: Collision constraint violation (2.39e-02 > 0.001)
Failed: Surface contact constraint violation (3.19e-03 > 0.001)
Failed: Surface contact constraint violation (2.55e-03 > 0.001)
Failed: Surface contact constraint violation (1.97e-01 > 0.001)
Failed: Joint limit violation (3.23e+01 > 0.01)
Failed: Collision constraint violation (2.55e-02 > 0.001)
Failed: Surface contact constraint violation (1.35e-03 > 0.001)
Failed: Surface contact constraint violation (7.33e-03 > 0.001)
Failed: Collision constraint violation (1.80e-02 > 0.001)
Failed: Force closure constraint violation (g:8.75e-02, h:0.00e+00 > 0.01)
Failed: Surface contact constraint violation (2.20e-02 > 0.001)
Failed: Collision constraint violation (2.48e-03 > 0.001)
Failed: Force closure constraint violation (g:1.43e-02, h:0.00e+00 > 0.01)
Failed: Surface contact constraint violation (2.23e-02 > 0.001)
Failed: Collision constraint violation (9.34e-03 > 0.001)
Optimization error: NLopt roundoff-limited! Resampling...
Failed: Optimization returned NaN values
Failed: Surface contact constraint violation (2.11e-02 > 0.001)
Failed: Surface contact constraint violation (2.95e-02 > 0.001)
Failed: Collision constraint violation (1.86e-02 > 0.001)
Failed: Surface contact constraint violation (2.19e-02 > 0.001)
Failed: Collision constraint violation (1.44e-02 > 0.001)
Failed: Force closure constraint violation (g:2.05e-02, h:0.00e+00 > 0.01)
  pen_single tol 1 attempt error. Timeout.
Attempting grasp for pen_single at tol level 1. Progress: 0/3. Current failres: 1
Failed: Surface contact constraint violation (4.39e-03 > 0.001)
Failed: Surface contact constraint violation (1.16e-01 > 0.001)
Failed: Joint limit violation (1.74e+02 > 0.01)
Failed: Collision constraint violation (4.05e-03 > 0.001)
Failed: Force closure constraint violation (g:2.95e-02, h:0.00e+00 > 0.01)
Failed: Surface contact constraint violation (3.49e-03 > 0.001)
Failed: Surface contact constraint violation (8.71e-03 > 0.001)
Failed: Collision constraint violation (1.05e-02 > 0.001)
Failed: Surface contact constraint violation (1.06e-01 > 0.001)
Failed: Joint limit violation (9.66e+00 > 0.01)
Failed: Collision constraint violation (2.47e-02 > 0.001)
Failed: Force closure constraint violation (g:1.45e-02, h:0.00e+00 > 0.01)
Failed: Surface contact constraint violation (7.37e-03 > 0.001)
Failed: Joint limit violation (1.42e-01 > 0.01)
Failed: Collision constraint violation (1.48e-02 > 0.001)
Failed: Force closure constraint violation (g:1.56e-02, h:0.00e+00 > 0.01)
Failed: Surface contact constraint violation (4.63e-03 > 0.001)
Failed: Collision constraint violation (3.50e-03 > 0.001)

Timing Statistics:
Sampling:
  Total attempts: 12
  Total time: 5.997s
  Average time: 0.500s
  Std deviation: 0.732s
  Last attempt: 1.769s

Optimization:
  Total attempts: 11
  Total time: 170.220s
  Average time: 15.475s
  Std deviation: 5.081s
  Last attempt: 4.277s

Constraints:
Surface: 9.69e-04, Couple: 0.00e+00, Joint: 0.00e+00, Collision: 0.00e+00, Extra: 0.00e+00
Optimization error: NLopt roundoff-limited! Resampling...
Failed: Optimization returned NaN values
Failed: Surface contact constraint violation (2.28e-02 > 0.001)
Failed: Joint limit violation (1.25e-01 > 0.01)
Failed: Collision constraint violation (1.55e-02 > 0.001)
Failed: Surface contact constraint violation (1.96e-02 > 0.001)
Failed: Joint limit violation (6.28e-02 > 0.01)
Failed: Surface contact constraint violation (3.68e-02 > 0.001)
Failed: Joint limit violation (3.61e-02 > 0.01)
Failed: Collision constraint violation (4.64e-03 > 0.001)
Failed: Force closure constraint violation (g:2.73e-02, h:0.00e+00 > 0.01)
  pen_single tol 1 attempt error. Timeout.
Attempting grasp for black_spray_bottle_single at tol level 1. Progress: 0/3. Current failres: 0
Failed: Surface contact constraint violation (6.93e-03 > 0.001)
Failed: Collision constraint violation (1.25e-03 > 0.001)
Failed: Surface contact constraint violation (2.05e-02 > 0.001)
Failed: Joint limit violation (2.27e-01 > 0.01)
Failed: Collision constraint violation (1.29e-02 > 0.001)
Failed: Surface contact constraint violation (6.88e-02 > 0.001)
Failed: Joint limit violation (7.07e-02 > 0.01)
Failed: Collision constraint violation (3.00e-02 > 0.001)
Failed: Surface contact constraint violation (1.96e-01 > 0.001)
Failed: Joint limit violation (9.79e-01 > 0.01)
Failed: Collision constraint violation (2.77e-03 > 0.001)
Failed: Force closure constraint violation (g:4.75e-02, h:0.00e+00 > 0.01)
Optimization error: NLopt roundoff-limited! Resampling...
Failed: Optimization returned NaN values
Failed: Surface contact constraint violation (2.62e-02 > 0.001)
Failed: Joint limit violation (1.06e-01 > 0.01)
Failed: Collision constraint violation (1.33e-02 > 0.001)
Failed: Force closure constraint violation (g:1.71e-02, h:0.00e+00 > 0.01)
Failed: Surface contact constraint violation (9.23e-02 > 0.001)
Failed: Joint limit violation (4.11e-01 > 0.01)
Failed: Collision constraint violation (2.11e-02 > 0.001)
Failed: Surface contact constraint violation (2.40e-01 > 0.001)
Failed: Joint limit violation (3.42e+00 > 0.01)
Failed: Collision constraint violation (2.89e-02 > 0.001)
Failed: Force closure constraint violation (g:1.32e-01, h:0.00e+00 > 0.01)
Failed: Surface contact constraint violation (1.87e-02 > 0.001)
Failed: Joint limit violation (2.78e-01 > 0.01)
Failed: Collision constraint violation (4.54e-03 > 0.001)
Failed: Surface contact constraint violation (1.75e-02 > 0.001)
Failed: Collision constraint violation (5.82e-03 > 0.001)
Failed: Force closure constraint violation (g:1.73e-02, h:0.00e+00 > 0.01)
Optimization error: NLopt roundoff-limited! Resampling...
Failed: Optimization returned NaN values
Failed: Surface contact constraint violation (7.17e-02 > 0.001)
Failed: Joint limit violation (6.08e+00 > 0.01)
Failed: Collision constraint violation (3.24e-02 > 0.001)
Failed: Surface contact constraint violation (5.37e-03 > 0.001)
Failed: Surface contact constraint violation (2.05e-03 > 0.001)
Failed: Surface contact constraint violation (2.29e-02 > 0.001)
Failed: Joint limit violation (4.06e-01 > 0.01)
Failed: Collision constraint violation (5.92e-03 > 0.001)
Failed: Force closure constraint violation (g:1.71e-02, h:0.00e+00 > 0.01)
  black_spray_bottle_single tol 1 attempt error. Timeout.
Attempting grasp for black_spray_bottle_single at tol level 1. Progress: 0/3. Current failres: 1
Failed: Surface contact constraint violation (2.07e-02 > 0.001)
Failed: Surface contact constraint violation (8.19e-03 > 0.001)
Failed: Force closure constraint violation (g:1.10e-02, h:0.00e+00 > 0.01)
Failed: Surface contact constraint violation (1.07e-02 > 0.001)
Failed: Collision constraint violation (1.47e-02 > 0.001)
Failed: Surface contact constraint violation (2.99e-02 > 0.001)
Failed: Joint limit violation (2.13e-02 > 0.01)
Failed: Collision constraint violation (3.02e-03 > 0.001)
Failed: Surface contact constraint violation (9.96e-03 > 0.001)
Failed: Collision constraint violation (2.71e-02 > 0.001)
Failed: Surface contact constraint violation (2.12e-02 > 0.001)
Failed: Joint limit violation (1.90e+00 > 0.01)
Failed: Collision constraint violation (2.80e-02 > 0.001)
Failed: Force closure constraint violation (g:3.05e-02, h:0.00e+00 > 0.01)
Failed: Surface contact constraint violation (3.54e-02 > 0.001)
Failed: Joint limit violation (2.38e-01 > 0.01)
Failed: Collision constraint violation (1.03e-02 > 0.001)
Failed: Surface contact constraint violation (2.86e-02 > 0.001)
Failed: Collision constraint violation (1.34e-03 > 0.001)
Failed: Surface contact constraint violation (2.47e-02 > 0.001)
Failed: Collision constraint violation (9.11e-03 > 0.001)
Failed: Surface contact constraint violation (1.75e-02 > 0.001)
Failed: Joint limit violation (1.67e+00 > 0.01)
Failed: Collision constraint violation (1.10e-02 > 0.001)
Failed: Force closure constraint violation (g:7.41e-02, h:0.00e+00 > 0.01)
Failed: Surface contact constraint violation (1.20e-02 > 0.001)
Failed: Collision constraint violation (3.05e-03 > 0.001)
Failed: Surface contact constraint violation (9.66e-03 > 0.001)
Failed: Surface contact constraint violation (1.85e-02 > 0.001)
Failed: Joint limit violation (3.33e-02 > 0.01)
Failed: Collision constraint violation (1.73e-03 > 0.001)
Failed: Force closure constraint violation (g:1.84e-02, h:0.00e+00 > 0.01)
Failed: Surface contact constraint violation (8.17e-03 > 0.001)
Failed: Joint limit violation (1.72e-02 > 0.01)
Failed: Collision constraint violation (3.13e-03 > 0.001)
Failed: Surface contact constraint violation (1.95e-03 > 0.001)
Failed: Collision constraint violation (1.32e-03 > 0.001)
  black_spray_bottle_single tol 1 attempt error. Timeout.
Attempting grasp for black_febreeze_small_single at tol level 1. Progress: 0/3. Current failres: 0
Failed: Surface contact constraint violation (3.25e-02 > 0.001)
Failed: Joint limit violation (7.10e-01 > 0.01)
Failed: Collision constraint violation (5.61e-03 > 0.001)
Failed: Surface contact constraint violation (1.52e-02 > 0.001)
Failed: Collision constraint violation (1.89e-03 > 0.001)
Failed: Surface contact constraint violation (1.16e-02 > 0.001)
Failed: Collision constraint violation (8.06e-03 > 0.001)
Failed: Surface contact constraint violation (9.89e-02 > 0.001)
Failed: Joint limit violation (2.43e+01 > 0.01)
Failed: Collision constraint violation (1.60e-02 > 0.001)
Failed: Surface contact constraint violation (6.30e-03 > 0.001)
Failed: Collision constraint violation (1.44e-03 > 0.001)
Failed: Surface contact constraint violation (5.13e-03 > 0.001)
Failed: Surface contact constraint violation (1.76e-02 > 0.001)
Failed: Joint limit violation (5.24e-02 > 0.01)
Failed: Force closure constraint violation (g:1.64e-02, h:0.00e+00 > 0.01)
Failed: Surface contact constraint violation (1.45e-02 > 0.001)
Failed: Collision constraint violation (4.17e-03 > 0.001)
Failed: Force closure constraint violation (g:1.36e-02, h:0.00e+00 > 0.01)
Optimization error: NLopt roundoff-limited! Resampling...
Failed: Optimization returned NaN values
Failed: Surface contact constraint violation (8.57e-03 > 0.001)
Failed: Surface contact constraint violation (1.70e-02 > 0.001)
Failed: Surface contact constraint violation (5.49e-03 > 0.001)
Failed: Collision constraint violation (2.09e-03 > 0.001)
Failed: Surface contact constraint violation (2.31e-02 > 0.001)
Failed: Collision constraint violation (1.55e-02 > 0.001)
Failed: Surface contact constraint violation (5.37e-02 > 0.001)
Failed: Joint limit violation (1.47e-01 > 0.01)
Failed: Collision constraint violation (1.79e-02 > 0.001)
Failed: Force closure constraint violation (g:2.13e-01, h:0.00e+00 > 0.01)
Optimization error: NLopt roundoff-limited! Resampling...
Failed: Optimization returned NaN values
Failed: Surface contact constraint violation (8.08e-03 > 0.001)
Failed: Collision constraint violation (1.06e-03 > 0.001)
Failed: Surface contact constraint violation (8.45e-03 > 0.001)
Failed: Surface contact constraint violation (8.00e-03 > 0.001)
Failed: Collision constraint violation (2.66e-03 > 0.001)
Failed: Surface contact constraint violation (2.24e-02 > 0.001)
Failed: Joint limit violation (1.72e-02 > 0.01)
Failed: Collision constraint violation (1.52e-02 > 0.001)
Failed: Force closure constraint violation (g:2.01e-02, h:0.00e+00 > 0.01)
  black_febreeze_small_single tol 1 attempt error. Timeout.
Attempting grasp for black_febreeze_small_single at tol level 1. Progress: 0/3. Current failres: 1
Failed: Surface contact constraint violation (1.45e-02 > 0.001)
Failed: Joint limit violation (6.05e-02 > 0.01)
Failed: Surface contact constraint violation (1.55e-03 > 0.001)
Failed: Surface contact constraint violation (1.93e-02 > 0.001)
Failed: Collision constraint violation (7.23e-03 > 0.001)
Failed: Surface contact constraint violation (1.94e-03 > 0.001)
Failed: Collision constraint violation (1.21e-03 > 0.001)
Failed: Surface contact constraint violation (1.78e-02 > 0.001)
Failed: Joint limit violation (3.92e-02 > 0.01)
Failed: Collision constraint violation (9.56e-03 > 0.001)
Failed: Surface contact constraint violation (8.96e-03 > 0.001)
Failed: Collision constraint violation (1.70e-03 > 0.001)
Failed: Surface contact constraint violation (1.73e-02 > 0.001)
Failed: Joint limit violation (1.83e-02 > 0.01)
Failed: Collision constraint violation (1.28e-02 > 0.001)
Failed: Surface contact constraint violation (4.49e-02 > 0.001)
Failed: Joint limit violation (1.55e-01 > 0.01)
Failed: Collision constraint violation (1.58e-02 > 0.001)
Optimization error: NLopt roundoff-limited! Resampling...
Failed: Optimization returned NaN values
Failed: Surface contact constraint violation (1.49e-02 > 0.001)
Failed: Surface contact constraint violation (5.38e-03 > 0.001)
Failed: Collision constraint violation (2.23e-03 > 0.001)
Failed: Surface contact constraint violation (5.89e-03 > 0.001)
Failed: Surface contact constraint violation (3.01e-02 > 0.001)
Failed: Joint limit violation (2.20e-02 > 0.01)
Failed: Collision constraint violation (1.55e-03 > 0.001)
Failed: Surface contact constraint violation (2.45e-03 > 0.001)
Failed: Collision constraint violation (1.15e-03 > 0.001)
Failed: Surface contact constraint violation (1.59e-02 > 0.001)
Failed: Joint limit violation (8.96e-02 > 0.01)
Failed: Collision constraint violation (8.97e-03 > 0.001)
Failed: Surface contact constraint violation (5.07e-02 > 0.001)
Failed: Joint limit violation (3.25e-01 > 0.01)
Failed: Collision constraint violation (6.23e-03 > 0.001)
Failed: Surface contact constraint violation (4.77e-02 > 0.001)
Failed: Joint limit violation (4.00e+01 > 0.01)
Failed: Collision constraint violation (2.65e-02 > 0.001)
Failed: Force closure constraint violation (g:1.10e-02, h:0.00e+00 > 0.01)
Failed: Surface contact constraint violation (2.45e-02 > 0.001)
Failed: Collision constraint violation (2.09e-03 > 0.001)
Failed: Force closure constraint violation (g:2.88e-02, h:0.00e+00 > 0.01)
Failed: Surface contact constraint violation (2.63e-03 > 0.001)
Failed: Surface contact constraint violation (2.91e-03 > 0.001)
Failed: Surface contact constraint violation (2.10e-02 > 0.001)
Failed: Collision constraint violation (6.87e-03 > 0.001)
Failed: Surface contact constraint violation (5.71e-02 > 0.001)
Failed: Joint limit violation (8.51e+00 > 0.01)
Failed: Collision constraint violation (1.06e-02 > 0.001)
Optimization error: NLopt roundoff-limited! Resampling...
Failed: Optimization returned NaN values
Optimization error: NLopt roundoff-limited! Resampling...
Failed: Optimization returned NaN values
  black_febreeze_small_single tol 1 attempt error. Timeout.
Attempting grasp for clamp_single at tol level 1. Progress: 0/3. Current failres: 0
Failed: Surface contact constraint violation (2.57e-02 > 0.001)
Failed: Collision constraint violation (2.25e-03 > 0.001)
Failed: Surface contact constraint violation (4.50e-03 > 0.001)
Failed: Collision constraint violation (1.27e-03 > 0.001)

Timing Statistics:
Sampling:
  Total attempts: 10
  Total time: 18.002s
  Average time: 1.800s
  Std deviation: 1.831s
  Last attempt: 1.126s

Optimization:
  Total attempts: 10
  Total time: 256.943s
  Average time: 25.694s
  Std deviation: 8.044s
  Last attempt: 3.766s

Constraints:
Surface: 9.76e-04, Couple: 0.00e+00, Joint: 0.00e+00, Collision: 0.00e+00, Extra: 0.00e+00
Failed: Surface contact constraint violation (3.43e-03 > 0.001)
Failed: Force closure constraint violation (g:1.87e-02, h:0.00e+00 > 0.01)
Failed: Surface contact constraint violation (7.06e-02 > 0.001)
Failed: Joint limit violation (4.54e+00 > 0.01)
Failed: Force closure constraint violation (g:2.02e-02, h:0.00e+00 > 0.01)
Optimization error: NLopt roundoff-limited! Resampling...
Failed: Optimization returned NaN values
Failed: Surface contact constraint violation (4.10e-02 > 0.001)
Failed: Collision constraint violation (9.41e-03 > 0.001)
Failed: Force closure constraint violation (g:1.87e-02, h:0.00e+00 > 0.01)
Failed: Surface contact constraint violation (3.48e-03 > 0.001)
Failed: Surface contact constraint violation (5.91e-03 > 0.001)
Failed: Collision constraint violation (5.71e-03 > 0.001)
Failed: Surface contact constraint violation (9.60e-03 > 0.001)
Failed: Joint limit violation (1.11e-01 > 0.01)
Failed: Collision constraint violation (3.63e-03 > 0.001)
Failed: Force closure constraint violation (g:3.61e-02, h:0.00e+00 > 0.01)
Failed: Surface contact constraint violation (2.03e-02 > 0.001)
Failed: Joint limit violation (2.66e-01 > 0.01)
Failed: Collision constraint violation (1.20e-02 > 0.001)
Failed: Surface contact constraint violation (9.66e-03 > 0.001)
Failed: Joint limit violation (6.18e-02 > 0.01)
Failed: Collision constraint violation (1.13e-03 > 0.001)
Failed: Force closure constraint violation (g:1.85e-02, h:0.00e+00 > 0.01)
Failed: Surface contact constraint violation (2.47e-02 > 0.001)
Failed: Joint limit violation (8.48e-02 > 0.01)
Failed: Collision constraint violation (5.88e-03 > 0.001)
Failed: Surface contact constraint violation (3.17e-03 > 0.001)
Optimization error: NLopt roundoff-limited! Resampling...
Failed: Optimization returned NaN values
Failed: Surface contact constraint violation (2.65e-02 > 0.001)
Failed: Joint limit violation (4.67e-01 > 0.01)
Failed: Collision constraint violation (1.12e-02 > 0.001)
Failed: Force closure constraint violation (g:7.31e-02, h:0.00e+00 > 0.01)
Failed: Surface contact constraint violation (1.04e-02 > 0.001)
Failed: Surface contact constraint violation (1.77e-02 > 0.001)

Timing Statistics:
Sampling:
  Total attempts: 17
  Total time: 51.201s
  Average time: 3.012s
  Std deviation: 2.155s
  Last attempt: 5.937s

Optimization:
  Total attempts: 16
  Total time: 437.081s
  Average time: 27.318s
  Std deviation: 4.627s
  Last attempt: 21.309s

Constraints:
Surface: 9.69e-04, Couple: 0.00e+00, Joint: 0.00e+00, Collision: 0.00e+00, Extra: 0.00e+00
Failed: Surface contact constraint violation (7.64e-02 > 0.001)
Failed: Joint limit violation (3.72e-02 > 0.01)
Failed: Collision constraint violation (9.52e-03 > 0.001)
Failed: Surface contact constraint violation (3.55e-03 > 0.001)
Failed: Collision constraint violation (2.00e-03 > 0.001)
Failed: Surface contact constraint violation (8.45e-02 > 0.001)
Failed: Joint limit violation (5.14e-02 > 0.01)
Failed: Collision constraint violation (7.84e-03 > 0.001)
Failed: Force closure constraint violation (g:1.83e-02, h:0.00e+00 > 0.01)
Failed: Surface contact constraint violation (1.35e-03 > 0.001)
  clamp_single tol 1 attempt error. Timeout.
Attempting grasp for clamp_single at tol level 1. Progress: 0/3. Current failres: 1
Failed: Surface contact constraint violation (1.52e-02 > 0.001)
Failed: Collision constraint violation (1.28e-03 > 0.001)
Failed: Force closure constraint violation (g:1.61e-02, h:0.00e+00 > 0.01)
Failed: Surface contact constraint violation (3.44e-02 > 0.001)
Failed: Joint limit violation (7.85e-02 > 0.01)
Failed: Collision constraint violation (9.26e-03 > 0.001)
Failed: Surface contact constraint violation (1.91e-02 > 0.001)
Failed: Surface contact constraint violation (8.03e-03 > 0.001)
Failed: Force closure constraint violation (g:1.32e-02, h:0.00e+00 > 0.01)
Failed: Surface contact constraint violation (1.47e-02 > 0.001)
Failed: Surface contact constraint violation (1.55e-02 > 0.001)
Failed: Joint limit violation (5.57e-02 > 0.01)
Failed: Collision constraint violation (6.21e-03 > 0.001)
Failed: Force closure constraint violation (g:1.56e-02, h:0.00e+00 > 0.01)

Timing Statistics:
Sampling:
  Total attempts: 26
  Total time: 76.727s
  Average time: 2.951s
  Std deviation: 3.081s
  Last attempt: 0.472s

Optimization:
  Total attempts: 24
  Total time: 634.682s
  Average time: 26.445s
  Std deviation: 4.291s
  Last attempt: 19.885s

Constraints:
Surface: 8.78e-04, Couple: 0.00e+00, Joint: 0.00e+00, Collision: 0.00e+00, Extra: 0.00e+00
Failed: Surface contact constraint violation (4.55e-02 > 0.001)
Failed: Joint limit violation (3.17e-02 > 0.01)
Failed: Collision constraint violation (3.08e-03 > 0.001)
Failed: Surface contact constraint violation (1.09e-02 > 0.001)
Failed: Joint limit violation (6.70e-02 > 0.01)
Failed: Collision constraint violation (1.97e-03 > 0.001)
Failed: Surface contact constraint violation (3.56e-02 > 0.001)
Failed: Joint limit violation (1.29e-02 > 0.01)
Failed: Collision constraint violation (5.33e-03 > 0.001)
Failed: Surface contact constraint violation (2.04e-02 > 0.001)
Failed: Collision constraint violation (2.13e-03 > 0.001)
Failed: Surface contact constraint violation (1.88e-02 > 0.001)
Failed: Collision constraint violation (1.32e-02 > 0.001)
Failed: Surface contact constraint violation (2.53e-02 > 0.001)
Failed: Surface contact constraint violation (8.30e-03 > 0.001)
Failed: Surface contact constraint violation (4.86e-03 > 0.001)
  clamp_single tol 1 attempt error. Timeout.
Attempting grasp for scissors_single at tol level 1. Progress: 0/3. Current failres: 0
Failed: Surface contact constraint violation (2.29e-02 > 0.001)
Failed: Collision constraint violation (1.67e-02 > 0.001)
Failed: Force closure constraint violation (g:1.74e-02, h:0.00e+00 > 0.01)
Failed: Surface contact constraint violation (3.05e-02 > 0.001)
Failed: Force closure constraint violation (g:2.65e-02, h:0.00e+00 > 0.01)
Optimization error: NLopt roundoff-limited! Resampling...
Failed: Optimization returned NaN values
Failed: Surface contact constraint violation (5.19e-02 > 0.001)
Failed: Surface contact constraint violation (2.19e-01 > 0.001)
Failed: Joint limit violation (2.80e+00 > 0.01)
Failed: Collision constraint violation (2.84e-02 > 0.001)
Failed: Surface contact constraint violation (1.42e-02 > 0.001)
Failed: Joint limit violation (2.18e-02 > 0.01)
Failed: Surface contact constraint violation (1.48e-02 > 0.001)
Failed: Joint limit violation (2.40e-02 > 0.01)
Failed: Collision constraint violation (6.13e-03 > 0.001)
Optimization error: NLopt roundoff-limited! Resampling...
Failed: Optimization returned NaN values
Failed: Surface contact constraint violation (8.64e-03 > 0.001)
Failed: Force closure constraint violation (g:1.61e-02, h:0.00e+00 > 0.01)
Optimization error: NLopt roundoff-limited! Resampling...
Failed: Optimization returned NaN values
Failed: Surface contact constraint violation (2.11e-03 > 0.001)
Failed: Surface contact constraint violation (9.90e-03 > 0.001)
Failed: Collision constraint violation (1.57e-02 > 0.001)
Failed: Surface contact constraint violation (1.11e-02 > 0.001)
Failed: Joint limit violation (8.98e-02 > 0.01)
Failed: Collision constraint violation (7.50e-03 > 0.001)
Failed: Surface contact constraint violation (4.07e-02 > 0.001)
  scissors_single tol 1 attempt error. Timeout.
Attempting grasp for scissors_single at tol level 1. Progress: 0/3. Current failres: 1
Failed: Surface contact constraint violation (9.12e-03 > 0.001)
Failed: Force closure constraint violation (g:2.67e-02, h:0.00e+00 > 0.01)
Failed: Surface contact constraint violation (1.73e-02 > 0.001)
Failed: Collision constraint violation (9.91e-03 > 0.001)
Failed: Surface contact constraint violation (4.71e-03 > 0.001)
Failed: Surface contact constraint violation (8.52e-02 > 0.001)
Failed: Joint limit violation (4.43e+00 > 0.01)
Failed: Collision constraint violation (2.02e-02 > 0.001)
Failed: Surface contact constraint violation (3.24e-03 > 0.001)
Failed: Surface contact constraint violation (6.09e-03 > 0.001)
Failed: Collision constraint violation (2.11e-03 > 0.001)
Optimization error: NLopt roundoff-limited! Resampling...
Failed: Optimization returned NaN values
Failed: Surface contact constraint violation (5.18e-02 > 0.001)
Failed: Joint limit violation (1.31e+00 > 0.01)
Failed: Collision constraint violation (1.40e-02 > 0.001)
Failed: Force closure constraint violation (g:1.02e-01, h:0.00e+00 > 0.01)
Failed: Surface contact constraint violation (3.74e-02 > 0.001)
Failed: Joint limit violation (5.16e-01 > 0.01)
Failed: Collision constraint violation (1.13e-02 > 0.001)
Failed: Force closure constraint violation (g:2.66e-02, h:0.00e+00 > 0.01)
Failed: Surface contact constraint violation (1.46e-02 > 0.001)
Failed: Force closure constraint violation (g:1.06e-02, h:0.00e+00 > 0.01)
Failed: Surface contact constraint violation (2.39e-02 > 0.001)
Failed: Joint limit violation (5.74e-01 > 0.01)
Failed: Collision constraint violation (6.26e-03 > 0.001)
Failed: Surface contact constraint violation (3.41e-02 > 0.001)
Failed: Joint limit violation (3.73e-01 > 0.01)
Failed: Collision constraint violation (7.11e-03 > 0.001)
Optimization error: NLopt roundoff-limited! Resampling...
Failed: Optimization returned NaN values
Failed: Surface contact constraint violation (5.61e-03 > 0.001)
Failed: Surface contact constraint violation (1.28e-02 > 0.001)
Failed: Collision constraint violation (1.29e-03 > 0.001)
Failed: Force closure constraint violation (g:1.84e-02, h:0.00e+00 > 0.01)

Timing Statistics:
Sampling:
  Total attempts: 23
  Total time: 19.415s
  Average time: 0.844s
  Std deviation: 0.833s
  Last attempt: 0.392s

Optimization:
  Total attempts: 20
  Total time: 553.355s
  Average time: 27.668s
  Std deviation: 4.619s
  Last attempt: 13.188s

Constraints:
Surface: 9.98e-04, Couple: 0.00e+00, Joint: 0.00e+00, Collision: 0.00e+00, Extra: 0.00e+00
Failed: Surface contact constraint violation (1.36e-01 > 0.001)
Failed: Joint limit violation (3.24e+00 > 0.01)
Failed: Collision constraint violation (3.25e-02 > 0.001)
Failed: Force closure constraint violation (g:1.88e-02, h:0.00e+00 > 0.01)
Optimization error: NLopt roundoff-limited! Resampling...
Failed: Optimization returned NaN values
  scissors_single tol 1 attempt error. Timeout.
Attempting grasp for hot_glue_gun at tol level 1. Progress: 0/3. Current failres: 0
Failed: Surface contact constraint violation (1.13e-02 > 0.001)
Optimization error: NLopt roundoff-limited! Resampling...
Failed: Optimization returned NaN values
Failed: Surface contact constraint violation (2.95e-02 > 0.001)
Failed: Joint limit violation (3.98e-02 > 0.01)
Failed: Collision constraint violation (6.10e-03 > 0.001)
Failed: Force closure constraint violation (g:1.87e-02, h:0.00e+00 > 0.01)
Optimization error: NLopt roundoff-limited! Resampling...
Failed: Optimization returned NaN values
Failed: Surface contact constraint violation (9.29e-03 > 0.001)
Failed: Joint limit violation (3.00e-01 > 0.01)
Failed: Collision constraint violation (5.58e-03 > 0.001)
Failed: Surface contact constraint violation (3.42e-02 > 0.001)
Failed: Joint limit violation (4.43e-01 > 0.01)
Failed: Collision constraint violation (7.59e-03 > 0.001)
Failed: Surface contact constraint violation (2.13e-02 > 0.001)
Failed: Force closure constraint violation (g:3.36e-02, h:0.00e+00 > 0.01)
Failed: Surface contact constraint violation (1.16e-02 > 0.001)
Failed: Surface contact constraint violation (1.27e-01 > 0.001)
Failed: Joint limit violation (4.23e-01 > 0.01)
Failed: Collision constraint violation (9.82e-03 > 0.001)
Failed: Surface contact constraint violation (3.50e-02 > 0.001)
Failed: Joint limit violation (4.58e+00 > 0.01)
Failed: Collision constraint violation (1.50e-02 > 0.001)
Failed: Force closure constraint violation (g:2.77e-02, h:0.00e+00 > 0.01)
Failed: Surface contact constraint violation (1.85e-02 > 0.001)
Failed: Joint limit violation (7.82e-01 > 0.01)
Failed: Collision constraint violation (1.51e-02 > 0.001)
Failed: Force closure constraint violation (g:1.78e-02, h:0.00e+00 > 0.01)
Failed: Surface contact constraint violation (1.31e-02 > 0.001)
Failed: Surface contact constraint violation (3.27e-02 > 0.001)
Failed: Joint limit violation (1.50e-02 > 0.01)
Failed: Collision constraint violation (1.06e-02 > 0.001)
Failed: Force closure constraint violation (g:1.77e-02, h:0.00e+00 > 0.01)
Failed: Surface contact constraint violation (2.50e-02 > 0.001)
Failed: Joint limit violation (2.32e-01 > 0.01)
Failed: Collision constraint violation (6.68e-03 > 0.001)
Failed: Surface contact constraint violation (7.29e-03 > 0.001)
Failed: Force closure constraint violation (g:5.55e-02, h:0.00e+00 > 0.01)
Optimization error: NLopt roundoff-limited! Resampling...
Failed: Optimization returned NaN values
Failed: Surface contact constraint violation (4.19e-02 > 0.001)
Failed: Joint limit violation (1.84e+00 > 0.01)
Failed: Collision constraint violation (2.04e-02 > 0.001)
Failed: Force closure constraint violation (g:5.21e-02, h:0.00e+00 > 0.01)
Failed: Surface contact constraint violation (1.04e-01 > 0.001)
Failed: Joint limit violation (6.80e+00 > 0.01)
Failed: Collision constraint violation (3.43e-02 > 0.001)
  hot_glue_gun tol 1 attempt error. Timeout.
Attempting grasp for hot_glue_gun at tol level 1. Progress: 0/3. Current failres: 1
Optimization error: NLopt roundoff-limited! Resampling...
Failed: Optimization returned NaN values
Failed: Surface contact constraint violation (1.06e-01 > 0.001)
Failed: Joint limit violation (1.41e+00 > 0.01)
Failed: Collision constraint violation (2.56e-02 > 0.001)
Failed: Surface contact constraint violation (2.42e-02 > 0.001)
Failed: Joint limit violation (2.19e-01 > 0.01)
Failed: Collision constraint violation (1.51e-02 > 0.001)
Failed: Force closure constraint violation (g:2.79e-02, h:0.00e+00 > 0.01)
Failed: Surface contact constraint violation (4.73e-03 > 0.001)
Failed: Collision constraint violation (2.78e-03 > 0.001)
Failed: Surface contact constraint violation (6.25e-03 > 0.001)
Failed: Joint limit violation (1.43e-02 > 0.01)
Failed: Collision constraint violation (5.22e-03 > 0.001)
Failed: Surface contact constraint violation (6.92e-02 > 0.001)
Failed: Joint limit violation (9.47e-02 > 0.01)
Failed: Collision constraint violation (1.37e-02 > 0.001)
Optimization error: NLopt roundoff-limited! Resampling...
Failed: Optimization returned NaN values
Failed: Surface contact constraint violation (2.41e-02 > 0.001)
Failed: Collision constraint violation (2.21e-03 > 0.001)
Failed: Surface contact constraint violation (1.03e-01 > 0.001)
Failed: Joint limit violation (2.87e+00 > 0.01)
Failed: Collision constraint violation (2.49e-02 > 0.001)
Failed: Surface contact constraint violation (9.65e-03 > 0.001)
Failed: Force closure constraint violation (g:1.50e-02, h:0.00e+00 > 0.01)
Failed: Surface contact constraint violation (3.14e-02 > 0.001)
Failed: Joint limit violation (5.69e-01 > 0.01)
Failed: Collision constraint violation (2.22e-02 > 0.001)
Failed: Force closure constraint violation (g:1.77e-02, h:0.00e+00 > 0.01)
Failed: Surface contact constraint violation (7.49e-02 > 0.001)
Failed: Collision constraint violation (1.81e-02 > 0.001)
Optimization error: NLopt roundoff-limited! Resampling...
Failed: Optimization returned NaN values
Failed: Surface contact constraint violation (2.34e-02 > 0.001)
Failed: Joint limit violation (6.84e-01 > 0.01)
Failed: Collision constraint violation (1.83e-02 > 0.001)
Failed: Surface contact constraint violation (1.35e-01 > 0.001)
Failed: Joint limit violation (1.42e+00 > 0.01)
Failed: Collision constraint violation (2.54e-02 > 0.001)
  hot_glue_gun tol 1 attempt error. Timeout.
Attempting grasp for pliers_single at tol level 1. Progress: 0/3. Current failres: 0
Optimization error: NLopt roundoff-limited! Resampling...
Failed: Optimization returned NaN values
Failed: Surface contact constraint violation (1.52e-02 > 0.001)
Failed: Collision constraint violation (3.34e-03 > 0.001)
Failed: Surface contact constraint violation (1.23e-02 > 0.001)
Failed: Collision constraint violation (5.28e-03 > 0.001)
Failed: Surface contact constraint violation (4.70e-02 > 0.001)
Failed: Joint limit violation (1.39e+01 > 0.01)
Failed: Collision constraint violation (3.33e-02 > 0.001)
Failed: Surface contact constraint violation (6.83e-02 > 0.001)
Failed: Joint limit violation (1.56e+00 > 0.01)
Failed: Collision constraint violation (7.07e-03 > 0.001)
Failed: Surface contact constraint violation (1.33e-02 > 0.001)
Failed: Collision constraint violation (9.95e-03 > 0.001)
Failed: Force closure constraint violation (g:2.05e-02, h:0.00e+00 > 0.01)
Failed: Surface contact constraint violation (8.47e-03 > 0.001)
Failed: Force closure constraint violation (g:1.65e-02, h:0.00e+00 > 0.01)
Failed: Surface contact constraint violation (4.67e-02 > 0.001)
Failed: Collision constraint violation (4.70e-03 > 0.001)
Failed: Surface contact constraint violation (1.56e-02 > 0.001)
Failed: Joint limit violation (4.43e+00 > 0.01)
Failed: Collision constraint violation (3.44e-03 > 0.001)
Failed: Force closure constraint violation (g:5.25e-02, h:0.00e+00 > 0.01)
Failed: Surface contact constraint violation (8.40e-02 > 0.001)
Failed: Joint limit violation (3.52e+00 > 0.01)
Failed: Collision constraint violation (1.90e-02 > 0.001)
Failed: Force closure constraint violation (g:2.89e-02, h:0.00e+00 > 0.01)
Failed: Surface contact constraint violation (5.10e-03 > 0.001)
Failed: Collision constraint violation (7.99e-03 > 0.001)
Failed: Surface contact constraint violation (2.90e-03 > 0.001)
Failed: Surface contact constraint violation (1.22e-02 > 0.001)
Failed: Collision constraint violation (7.11e-03 > 0.001)
Failed: Surface contact constraint violation (4.91e-03 > 0.001)
Failed: Surface contact constraint violation (1.92e-02 > 0.001)
Failed: Joint limit violation (3.75e-02 > 0.01)
Failed: Collision constraint violation (5.64e-03 > 0.001)
Failed: Force closure constraint violation (g:1.88e-02, h:0.00e+00 > 0.01)
  pliers_single tol 1 attempt error. Timeout.
Attempting grasp for pliers_single at tol level 1. Progress: 0/3. Current failres: 1
Failed: Surface contact constraint violation (1.99e-02 > 0.001)
Failed: Collision constraint violation (3.47e-03 > 0.001)
Failed: Force closure constraint violation (g:4.87e-02, h:0.00e+00 > 0.01)
Failed: Surface contact constraint violation (4.47e-02 > 0.001)
Failed: Joint limit violation (2.17e+00 > 0.01)
Failed: Collision constraint violation (2.01e-02 > 0.001)
Failed: Surface contact constraint violation (1.09e-02 > 0.001)
Failed: Surface contact constraint violation (6.99e-02 > 0.001)
Failed: Joint limit violation (3.52e+01 > 0.01)
Failed: Collision constraint violation (3.64e-02 > 0.001)
Failed: Force closure constraint violation (g:7.19e-02, h:0.00e+00 > 0.01)
Failed: Surface contact constraint violation (1.30e-02 > 0.001)
Failed: Joint limit violation (8.57e-02 > 0.01)
Failed: Collision constraint violation (1.05e-02 > 0.001)
Failed: Force closure constraint violation (g:2.48e-02, h:0.00e+00 > 0.01)
Failed: Surface contact constraint violation (4.99e-02 > 0.001)
Failed: Joint limit violation (1.55e+00 > 0.01)
Failed: Collision constraint violation (2.73e-02 > 0.001)
Failed: Surface contact constraint violation (8.70e-03 > 0.001)
Failed: Collision constraint violation (4.34e-03 > 0.001)
Failed: Surface contact constraint violation (1.71e-02 > 0.001)
Failed: Joint limit violation (1.06e-01 > 0.01)
Failed: Collision constraint violation (9.22e-03 > 0.001)
Failed: Surface contact constraint violation (9.61e-02 > 0.001)
Failed: Joint limit violation (1.02e+01 > 0.01)
Failed: Collision constraint violation (1.76e-02 > 0.001)
Failed: Surface contact constraint violation (3.65e-03 > 0.001)
Failed: Collision constraint violation (1.04e-03 > 0.001)
Failed: Surface contact constraint violation (1.53e-02 > 0.001)

Timing Statistics:
Sampling:
  Total attempts: 12
  Total time: 20.999s
  Average time: 1.750s
  Std deviation: 1.459s
  Last attempt: 0.932s

Optimization:
  Total attempts: 10
  Total time: 442.071s
  Average time: 44.207s
  Std deviation: 6.900s
  Last attempt: 41.800s

Constraints:
Surface: 8.58e-04, Couple: 0.00e+00, Joint: 0.00e+00, Collision: 2.89e-04, Extra: 0.00e+00
Optimization error: NLopt roundoff-limited! Resampling...
Failed: Optimization returned NaN values
Failed: Surface contact constraint violation (5.56e-02 > 0.001)
Failed: Collision constraint violation (3.76e-03 > 0.001)
Failed: Surface contact constraint violation (4.70e-02 > 0.001)
Failed: Joint limit violation (2.83e-01 > 0.01)
Failed: Collision constraint violation (3.38e-02 > 0.001)
Failed: Force closure constraint violation (g:7.47e-02, h:0.00e+00 > 0.01)
  pliers_single tol 1 attempt error. Timeout.
Attempting grasp for marker_single at tol level 1. Progress: 0/3. Current failres: 0
Failed: Surface contact constraint violation (1.74e-02 > 0.001)
Failed: Collision constraint violation (8.31e-03 > 0.001)
Failed: Surface contact constraint violation (1.18e-02 > 0.001)
Failed: Joint limit violation (1.03e-02 > 0.01)
Failed: Collision constraint violation (3.98e-03 > 0.001)
Failed: Surface contact constraint violation (2.17e-02 > 0.001)
Failed: Joint limit violation (4.78e-01 > 0.01)
Failed: Collision constraint violation (5.81e-03 > 0.001)
Failed: Force closure constraint violation (g:1.34e-02, h:0.00e+00 > 0.01)

Timing Statistics:
Sampling:
  Total attempts: 58
  Total time: 60.617s
  Average time: 1.045s
  Std deviation: 1.011s
  Last attempt: 1.744s

Optimization:
  Total attempts: 52
  Total time: 1641.547s
  Average time: 31.568s
  Std deviation: 8.725s
  Last attempt: 18.916s

Constraints:
Surface: 9.88e-04, Couple: 0.00e+00, Joint: 0.00e+00, Collision: 0.00e+00, Extra: 0.00e+00
Failed: Surface contact constraint violation (2.30e-02 > 0.001)
Failed: Joint limit violation (6.83e+01 > 0.01)
Failed: Collision constraint violation (3.65e-02 > 0.001)
Failed: Surface contact constraint violation (2.10e-02 > 0.001)
Failed: Force closure constraint violation (g:2.22e-02, h:0.00e+00 > 0.01)
Failed: Surface contact constraint violation (4.98e-02 > 0.001)
Failed: Joint limit violation (4.56e+00 > 0.01)
Failed: Collision constraint violation (1.41e-02 > 0.001)
Failed: Surface contact constraint violation (3.90e-02 > 0.001)
Failed: Joint limit violation (1.54e+01 > 0.01)
Failed: Collision constraint violation (1.94e-02 > 0.001)
Failed: Force closure constraint violation (g:5.12e-02, h:0.00e+00 > 0.01)
Failed: Surface contact constraint violation (4.05e-02 > 0.001)
Failed: Joint limit violation (8.78e+00 > 0.01)
Failed: Collision constraint violation (3.46e-02 > 0.001)
Failed: Surface contact constraint violation (9.65e-03 > 0.001)
Failed: Surface contact constraint violation (1.04e-01 > 0.001)
Failed: Collision constraint violation (6.51e-03 > 0.001)
Failed: Surface contact constraint violation (2.13e-02 > 0.001)
Failed: Collision constraint violation (4.52e-03 > 0.001)
Failed: Surface contact constraint violation (5.13e-03 > 0.001)
Failed: Surface contact constraint violation (1.32e-02 > 0.001)
Failed: Joint limit violation (1.72e+00 > 0.01)
Failed: Collision constraint violation (6.31e-03 > 0.001)
Failed: Force closure constraint violation (g:2.25e-02, h:0.00e+00 > 0.01)
Failed: Surface contact constraint violation (2.57e-02 > 0.001)
Failed: Collision constraint violation (2.78e-02 > 0.001)
  marker_single tol 1 attempt error. Timeout.
Attempting grasp for marker_single at tol level 1. Progress: 0/3. Current failres: 1
Failed: Surface contact constraint violation (9.17e-02 > 0.001)
Failed: Joint limit violation (3.15e+00 > 0.01)
Failed: Collision constraint violation (2.67e-02 > 0.001)
Failed: Surface contact constraint violation (1.13e-02 > 0.001)
Failed: Force closure constraint violation (g:3.58e-02, h:0.00e+00 > 0.01)
Failed: Surface contact constraint violation (5.28e-03 > 0.001)
Failed: Surface contact constraint violation (1.65e-01 > 0.001)
Failed: Joint limit violation (2.12e+00 > 0.01)
Failed: Collision constraint violation (2.41e-03 > 0.001)
Failed: Force closure constraint violation (g:3.48e-02, h:0.00e+00 > 0.01)
Failed: Surface contact constraint violation (6.53e-02 > 0.001)
Failed: Joint limit violation (4.42e-01 > 0.01)
Failed: Collision constraint violation (1.94e-02 > 0.001)
Failed: Surface contact constraint violation (1.37e-02 > 0.001)
Failed: Collision constraint violation (1.29e-02 > 0.001)
Failed: Force closure constraint violation (g:7.45e-02, h:0.00e+00 > 0.01)
Failed: Surface contact constraint violation (1.99e-02 > 0.001)
Failed: Collision constraint violation (2.89e-03 > 0.001)
Failed: Force closure constraint violation (g:2.13e-02, h:0.00e+00 > 0.01)
Failed: Surface contact constraint violation (1.41e-02 > 0.001)
Failed: Collision constraint violation (1.58e-02 > 0.001)
Failed: Surface contact constraint violation (1.68e-02 > 0.001)
Failed: Force closure constraint violation (g:1.60e-02, h:0.00e+00 > 0.01)
Failed: Surface contact constraint violation (4.54e-02 > 0.001)
Failed: Joint limit violation (6.08e-02 > 0.01)
Failed: Collision constraint violation (1.33e-02 > 0.001)
Failed: Surface contact constraint violation (6.28e-02 > 0.001)
Failed: Joint limit violation (4.82e-01 > 0.01)
Failed: Collision constraint violation (1.59e-02 > 0.001)
Failed: Force closure constraint violation (g:5.10e-02, h:0.00e+00 > 0.01)
Failed: Surface contact constraint violation (1.66e-02 > 0.001)
Failed: Force closure constraint violation (g:1.55e-02, h:0.00e+00 > 0.01)
Failed: Surface contact constraint violation (1.54e-02 > 0.001)
  marker_single tol 1 attempt error. Timeout.
Attempting grasp for syrup_pourer_single at tol level 1. Progress: 0/3. Current failres: 0
Optimization error: NLopt roundoff-limited! Resampling...
Failed: Optimization returned NaN values
Optimization error: NLopt roundoff-limited! Resampling...
Failed: Optimization returned NaN values
Failed: Surface contact constraint violation (1.13e-01 > 0.001)
Failed: Joint limit violation (3.50e-02 > 0.01)
Failed: Collision constraint violation (1.75e-02 > 0.001)
Failed: Surface contact constraint violation (3.56e-02 > 0.001)
Failed: Joint limit violation (1.69e+00 > 0.01)
Failed: Collision constraint violation (1.71e-02 > 0.001)
Failed: Surface contact constraint violation (5.20e-02 > 0.001)
Failed: Joint limit violation (7.81e-02 > 0.01)
Failed: Collision constraint violation (1.48e-02 > 0.001)
Failed: Surface contact constraint violation (3.28e-03 > 0.001)
Failed: Collision constraint violation (1.21e-03 > 0.001)
Failed: Surface contact constraint violation (1.68e-02 > 0.001)
Failed: Collision constraint violation (9.10e-03 > 0.001)
Failed: Force closure constraint violation (g:4.78e-02, h:0.00e+00 > 0.01)
Failed: Surface contact constraint violation (7.43e-02 > 0.001)
Failed: Joint limit violation (1.94e+00 > 0.01)
Failed: Collision constraint violation (3.56e-02 > 0.001)
Failed: Surface contact constraint violation (1.82e-02 > 0.001)
Failed: Joint limit violation (6.98e-02 > 0.01)
Failed: Collision constraint violation (4.35e-03 > 0.001)
Failed: Force closure constraint violation (g:3.12e-02, h:0.00e+00 > 0.01)
Failed: Surface contact constraint violation (4.05e-02 > 0.001)
Failed: Joint limit violation (1.02e+01 > 0.01)
Failed: Collision constraint violation (3.36e-02 > 0.001)
Optimization error: NLopt roundoff-limited! Resampling...
Failed: Optimization returned NaN values
Failed: Surface contact constraint violation (1.35e-02 > 0.001)
Failed: Collision constraint violation (4.93e-03 > 0.001)
Failed: Surface contact constraint violation (6.36e-03 > 0.001)
Failed: Collision constraint violation (5.23e-03 > 0.001)
Failed: Surface contact constraint violation (1.15e-02 > 0.001)
Failed: Joint limit violation (8.76e-02 > 0.01)
Failed: Collision constraint violation (2.62e-03 > 0.001)
Failed: Force closure constraint violation (g:3.78e-02, h:0.00e+00 > 0.01)
Failed: Surface contact constraint violation (1.72e-03 > 0.001)
Failed: Surface contact constraint violation (2.55e-03 > 0.001)
Failed: Surface contact constraint violation (5.31e-03 > 0.001)
Failed: Collision constraint violation (1.87e-03 > 0.001)
Failed: Surface contact constraint violation (6.13e-02 > 0.001)
Failed: Joint limit violation (5.68e+00 > 0.01)
Failed: Collision constraint violation (5.47e-02 > 0.001)
Failed: Force closure constraint violation (g:5.73e-02, h:0.00e+00 > 0.01)
Failed: Surface contact constraint violation (2.27e-02 > 0.001)
Failed: Joint limit violation (2.54e-02 > 0.01)
Failed: Collision constraint violation (1.64e-02 > 0.001)
Failed: Force closure constraint violation (g:1.86e-02, h:0.00e+00 > 0.01)
  syrup_pourer_single tol 1 attempt error. Timeout.
Attempting grasp for syrup_pourer_single at tol level 1. Progress: 0/3. Current failres: 1
Failed: Surface contact constraint violation (1.39e-02 > 0.001)
Failed: Joint limit violation (2.01e+00 > 0.01)
Failed: Collision constraint violation (1.46e-02 > 0.001)
Failed: Force closure constraint violation (g:5.63e-02, h:0.00e+00 > 0.01)
Failed: Surface contact constraint violation (4.78e-03 > 0.001)
Failed: Surface contact constraint violation (4.46e-02 > 0.001)
Failed: Joint limit violation (2.90e+00 > 0.01)
Failed: Collision constraint violation (3.23e-02 > 0.001)
Failed: Force closure constraint violation (g:7.11e-02, h:0.00e+00 > 0.01)
Failed: Surface contact constraint violation (8.09e-03 > 0.001)
Failed: Surface contact constraint violation (8.80e-03 > 0.001)
Failed: Surface contact constraint violation (1.27e-01 > 0.001)
Failed: Joint limit violation (1.56e+01 > 0.01)
Failed: Collision constraint violation (2.16e-02 > 0.001)
Failed: Surface contact constraint violation (1.69e-01 > 0.001)
Failed: Joint limit violation (3.06e+00 > 0.01)
Failed: Force closure constraint violation (g:8.67e-02, h:0.00e+00 > 0.01)
Failed: Surface contact constraint violation (7.16e-02 > 0.001)
Failed: Joint limit violation (2.03e+00 > 0.01)
Failed: Collision constraint violation (2.54e-02 > 0.001)
Failed: Force closure constraint violation (g:1.26e-02, h:0.00e+00 > 0.01)
Failed: Surface contact constraint violation (1.81e-02 > 0.001)
Failed: Collision constraint violation (1.18e-03 > 0.001)
Failed: Force closure constraint violation (g:1.97e-02, h:0.00e+00 > 0.01)
Failed: Surface contact constraint violation (1.51e-02 > 0.001)
Failed: Collision constraint violation (2.17e-03 > 0.001)
Failed: Force closure constraint violation (g:1.02e-02, h:0.00e+00 > 0.01)
Failed: Surface contact constraint violation (6.44e-03 > 0.001)
Failed: Collision constraint violation (4.32e-03 > 0.001)
Failed: Surface contact constraint violation (8.08e-03 > 0.001)
Failed: Joint limit violation (7.29e+00 > 0.01)
Failed: Collision constraint violation (7.47e-03 > 0.001)
Failed: Surface contact constraint violation (3.03e-02 > 0.001)
Failed: Joint limit violation (1.12e+00 > 0.01)
Failed: Collision constraint violation (2.06e-02 > 0.001)
Failed: Surface contact constraint violation (3.08e-02 > 0.001)
Failed: Joint limit violation (4.16e-01 > 0.01)
Failed: Collision constraint violation (2.33e-02 > 0.001)
Failed: Force closure constraint violation (g:3.20e-02, h:0.00e+00 > 0.01)
Failed: Surface contact constraint violation (9.56e-02 > 0.001)
Failed: Joint limit violation (8.16e+00 > 0.01)
Failed: Collision constraint violation (1.45e-02 > 0.001)
Failed: Surface contact constraint violation (2.97e-02 > 0.001)
Failed: Joint limit violation (2.61e-02 > 0.01)
Failed: Collision constraint violation (1.76e-02 > 0.001)
Failed: Surface contact constraint violation (5.22e-02 > 0.001)
Failed: Collision constraint violation (1.29e-02 > 0.001)
Optimization error: NLopt roundoff-limited! Resampling...
Failed: Optimization returned NaN values
  syrup_pourer_single tol 1 attempt error. Timeout.
Attempting grasp for black_febreeze_tall at tol level 1. Progress: 0/3. Current failres: 0
Failed: Surface contact constraint violation (2.21e-02 > 0.001)
Failed: Collision constraint violation (1.18e-03 > 0.001)
Failed: Surface contact constraint violation (8.07e-03 > 0.001)
Failed: Collision constraint violation (1.13e-02 > 0.001)
Failed: Force closure constraint violation (g:2.87e-02, h:0.00e+00 > 0.01)
Failed: Surface contact constraint violation (3.39e-02 > 0.001)
Failed: Collision constraint violation (2.01e-02 > 0.001)
Failed: Surface contact constraint violation (6.48e-03 > 0.001)
Failed: Collision constraint violation (1.45e-03 > 0.001)
Failed: Surface contact constraint violation (1.51e-02 > 0.001)
Failed: Joint limit violation (1.09e-02 > 0.01)
Failed: Collision constraint violation (2.03e-03 > 0.001)
Failed: Force closure constraint violation (g:1.47e-02, h:0.00e+00 > 0.01)
Failed: Surface contact constraint violation (2.30e-02 > 0.001)
Failed: Collision constraint violation (1.85e-02 > 0.001)
Failed: Surface contact constraint violation (1.56e-02 > 0.001)
Failed: Joint limit violation (4.07e-02 > 0.01)
Failed: Collision constraint violation (1.22e-02 > 0.001)
Failed: Surface contact constraint violation (4.88e-02 > 0.001)
Failed: Joint limit violation (6.73e+00 > 0.01)
Failed: Collision constraint violation (5.16e-02 > 0.001)
Failed: Surface contact constraint violation (8.26e-03 > 0.001)
Failed: Collision constraint violation (1.09e-03 > 0.001)
Failed: Surface contact constraint violation (9.73e-02 > 0.001)
Failed: Joint limit violation (3.02e+00 > 0.01)
Failed: Collision constraint violation (2.41e-02 > 0.001)

Timing Statistics:
Sampling:
  Total attempts: 12
  Total time: 20.759s
  Average time: 1.730s
  Std deviation: 1.023s
  Last attempt: 0.924s

Optimization:
  Total attempts: 11
  Total time: 557.955s
  Average time: 50.723s
  Std deviation: 13.410s
  Last attempt: 14.547s

Constraints:
Surface: 5.98e-04, Couple: 0.00e+00, Joint: 0.00e+00, Collision: 5.90e-04, Extra: 0.00e+00
Failed: Surface contact constraint violation (1.05e-01 > 0.001)
Failed: Joint limit violation (1.91e+00 > 0.01)
Failed: Collision constraint violation (1.99e-02 > 0.001)
Failed: Force closure constraint violation (g:1.36e-02, h:0.00e+00 > 0.01)
Optimization error: NLopt roundoff-limited! Resampling...
Failed: Optimization returned NaN values
Failed: Surface contact constraint violation (2.76e-02 > 0.001)
  black_febreeze_tall tol 1 attempt error. Timeout.
Attempting grasp for black_febreeze_tall at tol level 1. Progress: 0/3. Current failres: 1
Failed: Surface contact constraint violation (1.69e-02 > 0.001)
Failed: Joint limit violation (2.45e-01 > 0.01)
Failed: Surface contact constraint violation (2.11e-03 > 0.001)
Failed: Surface contact constraint violation (2.86e-02 > 0.001)
Failed: Joint limit violation (3.25e+00 > 0.01)
Failed: Collision constraint violation (2.48e-02 > 0.001)
Failed: Surface contact constraint violation (3.70e-02 > 0.001)
Failed: Collision constraint violation (5.43e-03 > 0.001)
Failed: Surface contact constraint violation (2.16e-02 > 0.001)
Failed: Collision constraint violation (8.65e-03 > 0.001)
Optimization error: NLopt roundoff-limited! Resampling...
Failed: Optimization returned NaN values
Failed: Surface contact constraint violation (1.14e-02 > 0.001)
Failed: Collision constraint violation (2.21e-03 > 0.001)
Failed: Force closure constraint violation (g:1.75e-02, h:0.00e+00 > 0.01)

Timing Statistics:
Sampling:
  Total attempts: 9
  Total time: 32.159s
  Average time: 3.573s
  Std deviation: 4.289s
  Last attempt: 4.086s

Optimization:
  Total attempts: 8
  Total time: 425.376s
  Average time: 53.172s
  Std deviation: 16.186s
  Last attempt: 13.398s

Constraints:
Surface: 5.59e-04, Couple: 0.00e+00, Joint: 0.00e+00, Collision: 0.00e+00, Extra: 0.00e+00
Failed: Surface contact constraint violation (1.96e-02 > 0.001)
Failed: Surface contact constraint violation (2.27e-03 > 0.001)
Optimization error: NLopt roundoff-limited! Resampling...
Failed: Optimization returned NaN values
Failed: Surface contact constraint violation (9.71e-02 > 0.001)
Failed: Joint limit violation (5.25e+01 > 0.01)
Failed: Collision constraint violation (4.71e-02 > 0.001)
Failed: Force closure constraint violation (g:5.58e-02, h:0.00e+00 > 0.01)
Failed: Surface contact constraint violation (1.07e-02 > 0.001)
Failed: Surface contact constraint violation (3.05e-02 > 0.001)
Failed: Force closure constraint violation (g:5.11e-02, h:0.00e+00 > 0.01)
Failed: Surface contact constraint violation (2.12e-02 > 0.001)
Failed: Collision constraint violation (1.63e-02 > 0.001)
Failed: Surface contact constraint violation (8.38e-02 > 0.001)
Failed: Joint limit violation (2.30e+00 > 0.01)
Failed: Collision constraint violation (1.47e-02 > 0.001)
Failed: Surface contact constraint violation (2.72e-02 > 0.001)
Failed: Collision constraint violation (2.02e-02 > 0.001)
Failed: Force closure constraint violation (g:2.36e-02, h:0.00e+00 > 0.01)
  black_febreeze_tall tol 1 attempt error. Timeout.
Attempting grasp for knife_single at tol level 1. Progress: 0/3. Current failres: 0
Failed: Surface contact constraint violation (3.09e-02 > 0.001)
Failed: Joint limit violation (8.27e+00 > 0.01)
Failed: Collision constraint violation (8.23e-03 > 0.001)
Failed: Surface contact constraint violation (6.09e-02 > 0.001)
Failed: Joint limit violation (2.11e+00 > 0.01)
Failed: Collision constraint violation (1.89e-02 > 0.001)
Failed: Force closure constraint violation (g:4.96e-01, h:0.00e+00 > 0.01)
Optimization error: NLopt roundoff-limited! Resampling...
Failed: Optimization returned NaN values

Timing Statistics:
Sampling:
  Total attempts: 5
  Total time: 7.698s
  Average time: 1.540s
  Std deviation: 1.700s
  Last attempt: 0.151s

Optimization:
  Total attempts: 5
  Total time: 277.481s
  Average time: 55.496s
  Std deviation: 23.053s
  Last attempt: 9.833s

Constraints:
Surface: 9.78e-04, Couple: 0.00e+00, Joint: 0.00e+00, Collision: 0.00e+00, Extra: 0.00e+00
Failed: Surface contact constraint violation (5.92e-02 > 0.001)
Failed: Joint limit violation (1.53e+00 > 0.01)
Failed: Collision constraint violation (2.42e-02 > 0.001)
Failed: Force closure constraint violation (g:2.32e-01, h:0.00e+00 > 0.01)
Failed: Surface contact constraint violation (2.21e-03 > 0.001)
Failed: Collision constraint violation (1.39e-03 > 0.001)
Failed: Surface contact constraint violation (6.67e-03 > 0.001)
Failed: Collision constraint violation (1.72e-03 > 0.001)
Failed: Surface contact constraint violation (5.29e-02 > 0.001)
Failed: Joint limit violation (1.53e+00 > 0.01)
Failed: Collision constraint violation (1.30e-02 > 0.001)
Failed: Surface contact constraint violation (9.97e-03 > 0.001)
Failed: Collision constraint violation (6.26e-03 > 0.001)
Failed: Surface contact constraint violation (2.21e-03 > 0.001)
Failed: Surface contact constraint violation (5.65e-02 > 0.001)
Failed: Joint limit violation (2.96e+00 > 0.01)
Failed: Collision constraint violation (1.81e-02 > 0.001)
Failed: Surface contact constraint violation (6.42e-03 > 0.001)
Failed: Collision constraint violation (3.23e-03 > 0.001)
Failed: Surface contact constraint violation (2.55e-02 > 0.001)
Failed: Collision constraint violation (2.28e-03 > 0.001)
Failed: Surface contact constraint violation (6.98e-02 > 0.001)
Failed: Joint limit violation (2.01e-01 > 0.01)
Failed: Collision constraint violation (2.49e-03 > 0.001)
Failed: Force closure constraint violation (g:2.78e-01, h:0.00e+00 > 0.01)
Failed: Surface contact constraint violation (9.26e-03 > 0.001)
Failed: Collision constraint violation (8.24e-03 > 0.001)
  knife_single tol 1 attempt error. Timeout.
Attempting grasp for knife_single at tol level 1. Progress: 0/3. Current failres: 1
Failed: Surface contact constraint violation (1.84e-02 > 0.001)
Failed: Collision constraint violation (6.00e-03 > 0.001)
Failed: Surface contact constraint violation (1.56e-02 > 0.001)
Failed: Collision constraint violation (2.39e-02 > 0.001)
Failed: Force closure constraint violation (g:2.12e-02, h:0.00e+00 > 0.01)
Failed: Surface contact constraint violation (3.91e-03 > 0.001)
Failed: Surface contact constraint violation (3.06e-03 > 0.001)
Failed: Surface contact constraint violation (3.90e-02 > 0.001)
Failed: Collision constraint violation (2.02e-03 > 0.001)
Failed: Force closure constraint violation (g:3.57e-02, h:0.00e+00 > 0.01)
Failed: Surface contact constraint violation (8.37e-02 > 0.001)
Failed: Collision constraint violation (1.14e-03 > 0.001)
Failed: Force closure constraint violation (g:3.23e-02, h:0.00e+00 > 0.01)
Failed: Surface contact constraint violation (3.99e-02 > 0.001)
Failed: Joint limit violation (1.85e-01 > 0.01)
Failed: Collision constraint violation (8.53e-03 > 0.001)
Failed: Surface contact constraint violation (4.32e-03 > 0.001)
Failed: Surface contact constraint violation (5.32e-03 > 0.001)
Failed: Collision constraint violation (5.64e-03 > 0.001)
Failed: Surface contact constraint violation (9.10e-03 > 0.001)
Failed: Joint limit violation (7.44e-02 > 0.01)
Failed: Collision constraint violation (9.63e-03 > 0.001)
Failed: Surface contact constraint violation (9.49e-02 > 0.001)
Failed: Joint limit violation (4.48e-01 > 0.01)
Failed: Collision constraint violation (4.76e-03 > 0.001)
Failed: Force closure constraint violation (g:8.21e-02, h:0.00e+00 > 0.01)
Failed: Surface contact constraint violation (1.41e-01 > 0.001)
Failed: Joint limit violation (3.44e+01 > 0.01)
Failed: Collision constraint violation (3.76e-02 > 0.001)
Failed: Surface contact constraint violation (4.48e-02 > 0.001)
Failed: Joint limit violation (1.78e+00 > 0.01)
Failed: Collision constraint violation (2.95e-02 > 0.001)
Failed: Surface contact constraint violation (3.17e-02 > 0.001)
Failed: Joint limit violation (1.11e+00 > 0.01)
Failed: Collision constraint violation (2.50e-02 > 0.001)
Failed: Surface contact constraint violation (1.27e-02 > 0.001)
Failed: Surface contact constraint violation (4.30e-02 > 0.001)
Failed: Joint limit violation (1.68e-01 > 0.01)
Failed: Collision constraint violation (9.18e-03 > 0.001)
  knife_single tol 1 attempt error. Timeout.
Attempting grasp for pump_spray_single at tol level 1. Progress: 0/3. Current failres: 0
Failed: Surface contact constraint violation (1.35e-01 > 0.001)
Failed: Joint limit violation (3.77e+00 > 0.01)
Failed: Collision constraint violation (1.89e-02 > 0.001)
Failed: Force closure constraint violation (g:3.41e-02, h:0.00e+00 > 0.01)
Failed: Surface contact constraint violation (1.68e-01 > 0.001)
Failed: Joint limit violation (2.74e+00 > 0.01)
Failed: Collision constraint violation (5.18e-03 > 0.001)
Failed: Force closure constraint violation (g:8.54e-02, h:0.00e+00 > 0.01)
Failed: Surface contact constraint violation (2.21e-02 > 0.001)
Failed: Surface contact constraint violation (3.29e-02 > 0.001)
Failed: Collision constraint violation (1.34e-02 > 0.001)
Failed: Surface contact constraint violation (7.52e-02 > 0.001)
Failed: Joint limit violation (3.88e+01 > 0.01)
Failed: Collision constraint violation (4.02e-02 > 0.001)
Failed: Force closure constraint violation (g:1.06e-01, h:0.00e+00 > 0.01)
Failed: Surface contact constraint violation (1.20e-02 > 0.001)
Failed: Collision constraint violation (3.76e-03 > 0.001)
Failed: Surface contact constraint violation (2.28e-02 > 0.001)
Failed: Joint limit violation (3.02e-02 > 0.01)
Failed: Collision constraint violation (2.20e-03 > 0.001)
Failed: Force closure constraint violation (g:3.77e-02, h:0.00e+00 > 0.01)
Failed: Surface contact constraint violation (2.20e-02 > 0.001)
Failed: Surface contact constraint violation (5.44e-03 > 0.001)
Failed: Collision constraint violation (1.40e-03 > 0.001)
Optimization error: NLopt roundoff-limited! Resampling...
Failed: Optimization returned NaN values
Failed: Surface contact constraint violation (1.49e-02 > 0.001)
Failed: Collision constraint violation (2.83e-03 > 0.001)
Failed: Surface contact constraint violation (6.71e-02 > 0.001)
Failed: Joint limit violation (4.45e-01 > 0.01)
Failed: Collision constraint violation (2.40e-02 > 0.001)
Optimization error: NLopt roundoff-limited! Resampling...
Failed: Optimization returned NaN values
Failed: Surface contact constraint violation (2.71e-03 > 0.001)
Optimization error: NLopt roundoff-limited! Resampling...
Failed: Optimization returned NaN values
  pump_spray_single tol 1 attempt error. Timeout.
Attempting grasp for pump_spray_single at tol level 1. Progress: 0/3. Current failres: 1
Failed: Surface contact constraint violation (7.81e-02 > 0.001)
Failed: Joint limit violation (9.56e-01 > 0.01)
Failed: Collision constraint violation (9.47e-03 > 0.001)
Failed: Force closure constraint violation (g:1.05e-02, h:0.00e+00 > 0.01)
Failed: Surface contact constraint violation (7.87e-02 > 0.001)
Failed: Joint limit violation (3.64e-01 > 0.01)
Failed: Collision constraint violation (1.30e-02 > 0.001)
Failed: Surface contact constraint violation (7.65e-03 > 0.001)
Failed: Surface contact constraint violation (4.31e-03 > 0.001)
Failed: Collision constraint violation (1.19e-03 > 0.001)
Failed: Surface contact constraint violation (7.30e-02 > 0.001)
Failed: Joint limit violation (7.20e+01 > 0.01)
Failed: Collision constraint violation (2.68e-02 > 0.001)
Failed: Surface contact constraint violation (1.16e-01 > 0.001)
Failed: Collision constraint violation (3.17e-02 > 0.001)
Failed: Force closure constraint violation (g:1.02e-02, h:0.00e+00 > 0.01)
Failed: Surface contact constraint violation (2.63e-02 > 0.001)
Failed: Force closure constraint violation (g:4.84e-02, h:0.00e+00 > 0.01)
Optimization error: NLopt roundoff-limited! Resampling...
Failed: Optimization returned NaN values
Failed: Surface contact constraint violation (3.88e-02 > 0.001)
Failed: Joint limit violation (2.60e-02 > 0.01)
Failed: Collision constraint violation (2.95e-03 > 0.001)
Failed: Surface contact constraint violation (4.92e-02 > 0.001)
Failed: Joint limit violation (1.22e+00 > 0.01)
Failed: Collision constraint violation (2.13e-02 > 0.001)
Failed: Force closure constraint violation (g:2.29e-02, h:0.00e+00 > 0.01)
Optimization error: NLopt roundoff-limited! Resampling...
Failed: Optimization returned NaN values
Failed: Surface contact constraint violation (1.32e-01 > 0.001)
Failed: Joint limit violation (1.80e+01 > 0.01)
Failed: Collision constraint violation (3.06e-02 > 0.001)
Failed: Surface contact constraint violation (5.64e-02 > 0.001)
Failed: Joint limit violation (6.16e-02 > 0.01)
Failed: Collision constraint violation (1.57e-03 > 0.001)
Failed: Surface contact constraint violation (8.24e-02 > 0.001)
Failed: Joint limit violation (1.36e+00 > 0.01)
Failed: Collision constraint violation (8.98e-03 > 0.001)
Failed: Surface contact constraint violation (5.59e-02 > 0.001)
Failed: Joint limit violation (1.18e+02 > 0.01)
Failed: Collision constraint violation (3.84e-02 > 0.001)
Failed: Surface contact constraint violation (2.65e-02 > 0.001)
Failed: Collision constraint violation (1.56e-03 > 0.001)
  pump_spray_single tol 1 attempt error. Timeout.
Attempting grasp for black_febreeze_tall_single at tol level 1. Progress: 0/3. Current failres: 0
Failed: Surface contact constraint violation (1.55e-02 > 0.001)
Failed: Surface contact constraint violation (1.05e-02 > 0.001)
Failed: Surface contact constraint violation (3.91e-03 > 0.001)
Failed: Collision constraint violation (2.81e-03 > 0.001)
Failed: Surface contact constraint violation (7.29e-02 > 0.001)
Failed: Joint limit violation (1.07e-01 > 0.01)
Failed: Collision constraint violation (1.29e-02 > 0.001)
Optimization error: NLopt roundoff-limited! Resampling...
Failed: Optimization returned NaN values
Failed: Surface contact constraint violation (1.36e-01 > 0.001)
Failed: Joint limit violation (2.70e+01 > 0.01)
Failed: Collision constraint violation (3.32e-02 > 0.001)
Failed: Force closure constraint violation (g:1.76e-02, h:0.00e+00 > 0.01)
Failed: Surface contact constraint violation (5.41e-02 > 0.001)
Failed: Joint limit violation (5.13e+00 > 0.01)
Failed: Collision constraint violation (2.58e-02 > 0.001)
Failed: Surface contact constraint violation (1.41e-01 > 0.001)
Failed: Joint limit violation (1.33e+00 > 0.01)
Failed: Collision constraint violation (2.46e-02 > 0.001)
Failed: Force closure constraint violation (g:9.69e-02, h:0.00e+00 > 0.01)
Failed: Surface contact constraint violation (4.15e-03 > 0.001)
Failed: Surface contact constraint violation (1.33e-02 > 0.001)
Failed: Joint limit violation (7.37e-02 > 0.01)
Failed: Force closure constraint violation (g:1.54e-02, h:0.00e+00 > 0.01)
Failed: Surface contact constraint violation (1.71e-02 > 0.001)
Failed: Collision constraint violation (4.62e-03 > 0.001)
Failed: Force closure constraint violation (g:2.19e-02, h:0.00e+00 > 0.01)
Failed: Surface contact constraint violation (4.94e-02 > 0.001)
Failed: Joint limit violation (1.43e-01 > 0.01)
Failed: Collision constraint violation (1.85e-02 > 0.001)
Failed: Force closure constraint violation (g:2.32e-02, h:0.00e+00 > 0.01)
Failed: Surface contact constraint violation (1.85e-02 > 0.001)
Failed: Joint limit violation (2.53e-01 > 0.01)
Failed: Collision constraint violation (1.82e-02 > 0.001)
Failed: Surface contact constraint violation (1.19e-02 > 0.001)
Failed: Joint limit violation (1.07e-02 > 0.01)
Failed: Collision constraint violation (1.21e-02 > 0.001)
Failed: Surface contact constraint violation (1.74e-01 > 0.001)
Failed: Joint limit violation (1.81e+02 > 0.01)
Failed: Collision constraint violation (2.46e-02 > 0.001)
Failed: Force closure constraint violation (g:5.61e-02, h:0.00e+00 > 0.01)
Failed: Surface contact constraint violation (1.83e-03 > 0.001)
Failed: Surface contact constraint violation (9.72e-03 > 0.001)
Failed: Joint limit violation (7.45e-02 > 0.01)
Failed: Collision constraint violation (1.42e-03 > 0.001)
Failed: Surface contact constraint violation (2.37e-02 > 0.001)
Failed: Joint limit violation (9.43e-02 > 0.01)
Failed: Collision constraint violation (8.33e-03 > 0.001)
Failed: Surface contact constraint violation (2.41e-02 > 0.001)
Failed: Joint limit violation (3.33e-02 > 0.01)
Failed: Collision constraint violation (1.29e-02 > 0.001)
Failed: Force closure constraint violation (g:3.65e-02, h:0.00e+00 > 0.01)
Failed: Surface contact constraint violation (6.41e-03 > 0.001)
Failed: Collision constraint violation (1.90e-03 > 0.001)
  black_febreeze_tall_single tol 1 attempt error. Timeout.
Attempting grasp for black_febreeze_tall_single at tol level 1. Progress: 0/3. Current failres: 1
Failed: Surface contact constraint violation (5.00e-02 > 0.001)
Failed: Collision constraint violation (2.31e-02 > 0.001)
Failed: Surface contact constraint violation (5.55e-03 > 0.001)
Failed: Force closure constraint violation (g:1.74e-02, h:0.00e+00 > 0.01)
Failed: Surface contact constraint violation (1.71e-02 > 0.001)
Failed: Collision constraint violation (4.29e-03 > 0.001)
Failed: Force closure constraint violation (g:1.27e-02, h:0.00e+00 > 0.01)
Optimization error: NLopt roundoff-limited! Resampling...
Failed: Optimization returned NaN values
Failed: Surface contact constraint violation (3.08e-03 > 0.001)
Failed: Joint limit violation (1.31e-01 > 0.01)
Failed: Surface contact constraint violation (2.77e-03 > 0.001)

Timing Statistics:
Sampling:
  Total attempts: 11
  Total time: 8.549s
  Average time: 0.777s
  Std deviation: 0.814s
  Last attempt: 2.855s

Optimization:
  Total attempts: 10
  Total time: 644.094s
  Average time: 64.409s
  Std deviation: 18.831s
  Last attempt: 13.223s

Constraints:
Surface: 7.86e-04, Couple: 0.00e+00, Joint: 0.00e+00, Collision: 0.00e+00, Extra: 0.00e+00
Failed: Surface contact constraint violation (1.66e-01 > 0.001)
Failed: Joint limit violation (3.24e+00 > 0.01)
Failed: Collision constraint violation (2.61e-02 > 0.001)
Failed: Force closure constraint violation (g:1.38e-02, h:0.00e+00 > 0.01)
Failed: Surface contact constraint violation (2.00e-02 > 0.001)
Failed: Collision constraint violation (9.05e-03 > 0.001)
Failed: Surface contact constraint violation (1.08e-02 > 0.001)
Failed: Force closure constraint violation (g:1.84e-02, h:0.00e+00 > 0.01)
Failed: Surface contact constraint violation (2.64e-02 > 0.001)
Failed: Collision constraint violation (2.67e-02 > 0.001)
Failed: Surface contact constraint violation (2.32e-02 > 0.001)
Failed: Joint limit violation (3.35e-01 > 0.01)
Failed: Collision constraint violation (1.83e-02 > 0.001)
Failed: Force closure constraint violation (g:1.07e-01, h:0.00e+00 > 0.01)
Failed: Surface contact constraint violation (1.73e-02 > 0.001)
Failed: Joint limit violation (2.10e-02 > 0.01)
Failed: Collision constraint violation (1.21e-02 > 0.001)
Failed: Force closure constraint violation (g:4.39e-02, h:0.00e+00 > 0.01)
Failed: Surface contact constraint violation (1.14e-02 > 0.001)
Failed: Force closure constraint violation (g:1.19e-02, h:0.00e+00 > 0.01)
Failed: Surface contact constraint violation (5.34e-02 > 0.001)
Failed: Collision constraint violation (2.59e-02 > 0.001)
Failed: Surface contact constraint violation (7.54e-03 > 0.001)
Failed: Collision constraint violation (3.00e-03 > 0.001)
Failed: Surface contact constraint violation (5.25e-02 > 0.001)
Failed: Joint limit violation (1.46e+01 > 0.01)
Failed: Collision constraint violation (2.01e-03 > 0.001)
Failed: Surface contact constraint violation (4.70e-02 > 0.001)
Failed: Collision constraint violation (5.94e-03 > 0.001)
Failed: Surface contact constraint violation (8.24e-03 > 0.001)
  black_febreeze_tall_single tol 1 attempt error. Timeout.
Attempting grasp for staple_remover_single at tol level 1. Progress: 0/3. Current failres: 0
Optimization error: NLopt roundoff-limited! Resampling...
Failed: Optimization returned NaN values
Failed: Surface contact constraint violation (5.81e-02 > 0.001)
Failed: Joint limit violation (1.01e+00 > 0.01)
Failed: Collision constraint violation (1.85e-02 > 0.001)
Failed: Force closure constraint violation (g:3.55e-02, h:0.00e+00 > 0.01)
Failed: Surface contact constraint violation (1.21e-01 > 0.001)
Failed: Joint limit violation (6.70e+00 > 0.01)
Failed: Collision constraint violation (3.01e-03 > 0.001)
Failed: Force closure constraint violation (g:4.46e-02, h:0.00e+00 > 0.01)
Failed: Surface contact constraint violation (6.93e-02 > 0.001)
Failed: Joint limit violation (3.42e+00 > 0.01)
Failed: Collision constraint violation (2.57e-02 > 0.001)
Failed: Surface contact constraint violation (6.93e-02 > 0.001)
Failed: Joint limit violation (2.54e+00 > 0.01)
Failed: Collision constraint violation (2.74e-02 > 0.001)
Failed: Force closure constraint violation (g:1.86e-01, h:0.00e+00 > 0.01)
Failed: Surface contact constraint violation (1.28e-02 > 0.001)
Failed: Force closure constraint violation (g:2.46e-02, h:0.00e+00 > 0.01)
Failed: Surface contact constraint violation (6.46e-03 > 0.001)
Failed: Surface contact constraint violation (7.67e-03 > 0.001)
Failed: Collision constraint violation (4.26e-03 > 0.001)
Failed: Surface contact constraint violation (1.28e-02 > 0.001)
Failed: Joint limit violation (2.44e-01 > 0.01)
Failed: Collision constraint violation (9.52e-03 > 0.001)
Failed: Force closure constraint violation (g:5.00e-02, h:0.00e+00 > 0.01)
Failed: Surface contact constraint violation (9.19e-02 > 0.001)
Failed: Joint limit violation (1.54e+01 > 0.01)
Failed: Collision constraint violation (2.67e-02 > 0.001)
Failed: Surface contact constraint violation (3.23e-02 > 0.001)
Failed: Collision constraint violation (2.20e-03 > 0.001)
Failed: Force closure constraint violation (g:1.30e-02, h:0.00e+00 > 0.01)
Failed: Surface contact constraint violation (2.20e-02 > 0.001)
Failed: Collision constraint violation (2.75e-02 > 0.001)
Failed: Force closure constraint violation (g:5.93e-02, h:0.00e+00 > 0.01)
  staple_remover_single tol 1 attempt error. Timeout.
Attempting grasp for staple_remover_single at tol level 1. Progress: 0/3. Current failres: 1
Failed: Surface contact constraint violation (6.46e-03 > 0.001)

Timing Statistics:
Sampling:
  Total attempts: 6
  Total time: 23.812s
  Average time: 3.969s
  Std deviation: 4.634s
  Last attempt: 0.441s

Optimization:
  Total attempts: 6
  Total time: 410.289s
  Average time: 68.382s
  Std deviation: 25.371s
  Last attempt: 12.425s

Constraints:
Surface: 7.08e-04, Couple: 0.00e+00, Joint: 0.00e+00, Collision: 0.00e+00, Extra: 0.00e+00
Failed: Surface contact constraint violation (3.92e-02 > 0.001)
Failed: Joint limit violation (3.79e-02 > 0.01)
Failed: Force closure constraint violation (g:1.72e-02, h:0.00e+00 > 0.01)
Failed: Surface contact constraint violation (5.11e-03 > 0.001)
Failed: Collision constraint violation (3.98e-03 > 0.001)
Failed: Surface contact constraint violation (5.85e-03 > 0.001)
Failed: Surface contact constraint violation (3.57e-02 > 0.001)
Failed: Joint limit violation (2.07e-01 > 0.01)
Failed: Collision constraint violation (1.95e-02 > 0.001)
Failed: Force closure constraint violation (g:2.56e-02, h:0.00e+00 > 0.01)
Failed: Surface contact constraint violation (7.66e-02 > 0.001)
Failed: Joint limit violation (1.63e+00 > 0.01)
Failed: Collision constraint violation (1.90e-02 > 0.001)
Failed: Surface contact constraint violation (1.00e-01 > 0.001)
Failed: Joint limit violation (1.59e+00 > 0.01)
Failed: Collision constraint violation (1.30e-02 > 0.001)
Failed: Surface contact constraint violation (1.25e-02 > 0.001)
Failed: Surface contact constraint violation (5.95e-02 > 0.001)
Failed: Collision constraint violation (8.33e-03 > 0.001)
Failed: Surface contact constraint violation (1.44e-02 > 0.001)
Failed: Collision constraint violation (1.17e-02 > 0.001)
Failed: Surface contact constraint violation (8.35e-03 > 0.001)
Failed: Collision constraint violation (4.23e-03 > 0.001)
Failed: Surface contact constraint violation (7.90e-02 > 0.001)
Failed: Joint limit violation (2.60e-01 > 0.01)
Failed: Collision constraint violation (1.08e-02 > 0.001)
  staple_remover_single tol 1 attempt error. Timeout.
Attempting grasp for zip_tie_tool_single at tol level 1. Progress: 0/3. Current failres: 0
Failed: Surface contact constraint violation (7.05e-03 > 0.001)
Failed: Collision constraint violation (1.68e-03 > 0.001)
Failed: Force closure constraint violation (g:1.04e-02, h:0.00e+00 > 0.01)
Failed: Surface contact constraint violation (6.21e-02 > 0.001)
Failed: Joint limit violation (4.52e+00 > 0.01)
Failed: Collision constraint violation (3.38e-02 > 0.001)
Failed: Force closure constraint violation (g:1.83e-02, h:0.00e+00 > 0.01)
Failed: Surface contact constraint violation (7.20e-02 > 0.001)
Failed: Collision constraint violation (2.79e-02 > 0.001)
Failed: Surface contact constraint violation (2.55e-03 > 0.001)
Failed: Surface contact constraint violation (2.32e-02 > 0.001)
Failed: Collision constraint violation (5.46e-03 > 0.001)
Failed: Surface contact constraint violation (1.44e-02 > 0.001)
Failed: Collision constraint violation (2.95e-03 > 0.001)
Failed: Force closure constraint violation (g:1.07e-02, h:0.00e+00 > 0.01)
Failed: Surface contact constraint violation (3.50e-03 > 0.001)
Failed: Surface contact constraint violation (2.47e-02 > 0.001)
Failed: Collision constraint violation (1.58e-02 > 0.001)
Failed: Surface contact constraint violation (2.64e-03 > 0.001)
Optimization error: NLopt roundoff-limited! Resampling...
Failed: Optimization returned NaN values
Failed: Surface contact constraint violation (1.09e-02 > 0.001)
Failed: Joint limit violation (7.51e-01 > 0.01)
Failed: Collision constraint violation (2.17e-02 > 0.001)
Failed: Force closure constraint violation (g:3.71e-01, h:0.00e+00 > 0.01)
Failed: Surface contact constraint violation (2.64e-02 > 0.001)
Failed: Collision constraint violation (6.29e-03 > 0.001)
Failed: Force closure constraint violation (g:2.55e-02, h:0.00e+00 > 0.01)
Failed: Surface contact constraint violation (3.00e-02 > 0.001)
Failed: Joint limit violation (2.09e+01 > 0.01)
Failed: Collision constraint violation (4.28e-02 > 0.001)
Failed: Surface contact constraint violation (5.13e-02 > 0.001)
Failed: Joint limit violation (3.09e-01 > 0.01)
Failed: Collision constraint violation (1.12e-02 > 0.001)
Failed: Force closure constraint violation (g:1.50e-02, h:0.00e+00 > 0.01)
Failed: Surface contact constraint violation (1.93e-02 > 0.001)
Failed: Surface contact constraint violation (2.33e-02 > 0.001)
Failed: Joint limit violation (1.16e-01 > 0.01)
Failed: Collision constraint violation (7.09e-03 > 0.001)
Optimization error: NLopt roundoff-limited! Resampling...
Failed: Optimization returned NaN values
  zip_tie_tool_single tol 1 attempt error. Timeout.
Attempting grasp for zip_tie_tool_single at tol level 1. Progress: 0/3. Current failres: 1
Failed: Surface contact constraint violation (1.06e-02 > 0.001)
Failed: Collision constraint violation (2.20e-03 > 0.001)
Failed: Surface contact constraint violation (4.99e-02 > 0.001)
Failed: Joint limit violation (3.05e-01 > 0.01)
Failed: Collision constraint violation (2.63e-02 > 0.001)
Optimization error: NLopt roundoff-limited! Resampling...
Failed: Optimization returned NaN values
Failed: Surface contact constraint violation (9.03e-02 > 0.001)
Failed: Collision constraint violation (2.44e-02 > 0.001)
Failed: Surface contact constraint violation (2.74e-03 > 0.001)
Failed: Surface contact constraint violation (7.84e-03 > 0.001)
Optimization error: NLopt roundoff-limited! Resampling...
Failed: Optimization returned NaN values
Failed: Surface contact constraint violation (2.16e-02 > 0.001)
Failed: Surface contact constraint violation (2.07e-02 > 0.001)
Failed: Surface contact constraint violation (4.67e-02 > 0.001)
Failed: Joint limit violation (2.85e+00 > 0.01)
Failed: Collision constraint violation (2.17e-03 > 0.001)
Failed: Force closure constraint violation (g:4.46e-02, h:0.00e+00 > 0.01)
Failed: Surface contact constraint violation (1.86e-02 > 0.001)
  zip_tie_tool_single tol 1 attempt error. Timeout.

Starting pass with tolerance level 2
Attempting grasp for zip_tie_gun_single at tol level 2. Progress: 0/3. Current failres: 0
Failed: Surface contact constraint violation (6.64e-02 > 0.001)
Failed: Joint limit violation (8.46e-02 > 0.01)
Failed: Collision constraint violation (2.11e-02 > 0.001)
Failed: Force closure constraint violation (g:7.28e-02, h:0.00e+00 > 0.01)
Failed: Surface contact constraint violation (1.01e-02 > 0.001)
Failed: Joint limit violation (1.81e-01 > 0.01)
Failed: Surface contact constraint violation (5.87e-02 > 0.001)
Failed: Joint limit violation (5.75e-02 > 0.01)
Failed: Collision constraint violation (6.61e-03 > 0.001)
Failed: Force closure constraint violation (g:1.12e-02, h:0.00e+00 > 0.01)
Failed: Surface contact constraint violation (2.44e-02 > 0.001)
Failed: Collision constraint violation (2.22e-03 > 0.001)
Failed: Surface contact constraint violation (8.48e-03 > 0.001)
Failed: Collision constraint violation (5.63e-03 > 0.001)
Failed: Surface contact constraint violation (3.32e-03 > 0.001)
Failed: Surface contact constraint violation (3.84e-02 > 0.001)
Failed: Joint limit violation (4.90e-01 > 0.01)
Failed: Collision constraint violation (1.67e-02 > 0.001)
Failed: Force closure constraint violation (g:2.55e-02, h:0.00e+00 > 0.01)
Failed: Surface contact constraint violation (1.06e-02 > 0.001)
Failed: Surface contact constraint violation (2.15e-02 > 0.001)
Failed: Joint limit violation (2.40e-02 > 0.01)
Failed: Collision constraint violation (2.32e-03 > 0.001)
Failed: Surface contact constraint violation (1.20e-02 > 0.001)
Failed: Collision constraint violation (1.56e-03 > 0.001)
Failed: Force closure constraint violation (g:1.66e-02, h:0.00e+00 > 0.01)
Failed: Surface contact constraint violation (2.32e-02 > 0.001)
Failed: Collision constraint violation (4.32e-03 > 0.001)
Failed: Surface contact constraint violation (3.75e-03 > 0.001)
Failed: Surface contact constraint violation (4.56e-03 > 0.001)
Failed: Collision constraint violation (3.80e-03 > 0.001)
Failed: Surface contact constraint violation (1.53e-02 > 0.001)
Failed: Collision constraint violation (6.43e-03 > 0.001)
Failed: Surface contact constraint violation (3.22e-01 > 0.001)
Failed: Joint limit violation (2.82e-02 > 0.01)
Failed: Force closure constraint violation (g:2.78e-01, h:0.00e+00 > 0.01)
Failed: Surface contact constraint violation (7.70e-03 > 0.001)
Failed: Collision constraint violation (1.00e-02 > 0.001)
Failed: Surface contact constraint violation (1.78e-02 > 0.001)
Failed: Surface contact constraint violation (5.28e-03 > 0.001)
Failed: Surface contact constraint violation (7.16e-03 > 0.001)
Failed: Joint limit violation (2.27e-01 > 0.01)
Failed: Collision constraint violation (3.92e-03 > 0.001)
Failed: Force closure constraint violation (g:3.24e-02, h:0.00e+00 > 0.01)
Failed: Surface contact constraint violation (2.09e-02 > 0.001)
Failed: Joint limit violation (3.53e-02 > 0.01)
Failed: Collision constraint violation (1.07e-02 > 0.001)
Failed: Surface contact constraint violation (1.55e-02 > 0.001)
Failed: Joint limit violation (1.59e-01 > 0.01)
Failed: Collision constraint violation (6.09e-03 > 0.001)
  zip_tie_gun_single tol 2 attempt error. Timeout.
Attempting grasp for zip_tie_gun_single at tol level 2. Progress: 0/3. Current failres: 1
Failed: Surface contact constraint violation (5.12e-03 > 0.001)
Failed: Collision constraint violation (3.26e-03 > 0.001)
Failed: Surface contact constraint violation (1.25e-02 > 0.001)
Failed: Joint limit violation (5.85e-01 > 0.01)
Failed: Collision constraint violation (2.26e-03 > 0.001)
Failed: Surface contact constraint violation (1.37e-02 > 0.001)
Failed: Force closure constraint violation (g:1.71e-02, h:0.00e+00 > 0.01)
Failed: Surface contact constraint violation (3.58e-02 > 0.001)
Failed: Joint limit violation (1.53e+00 > 0.01)
Failed: Collision constraint violation (1.41e-02 > 0.001)
Failed: Surface contact constraint violation (9.56e-03 > 0.001)
